INFO : [26/Dec/2023 09:43:10 logger 7 400 7900 package : src.customer.views.get_views --> position : GetBikeViews.get]
INFO : [26/Dec/2023 09:43:18 logger 7 400 7900 package : src.customer.views.get_views --> position : GetBikeViews.get]
INFO : [26/Dec/2023 10:32:51 logger 7 11240 12664 package : src.admins.views.modify_views --> position : ModifyViews.put]
ERROR : [26/Dec/2023 10:32:51 logger 10 11240 12664 package : src.admins.views.modify_views --> position : ModifyViews.put --> exception : JSON parse error - Extra data: line 1 column 8 (char 7)]
INFO : [26/Dec/2023 10:33:08 logger 7 11240 12664 package : src.customer.views.get_views --> position : GetBikeViews.get]
ERROR : [26/Dec/2023 10:33:08 logger 10 11240 12664 package : src.customer.views.get_views --> position : GetBikeViews.get --> exception : you pass params in wrong way!]
INFO : [26/Dec/2023 10:33:14 logger 7 11240 12664 package : src.customer.views.get_views --> position : GetBikeViews.get]
INFO : [26/Dec/2023 10:34:07 logger 7 11240 12664 package : src.admins.views.modify_views --> position : ModifyViews.put]
ERROR : [26/Dec/2023 10:34:07 logger 10 11240 12664 package : src.admins.views.modify_views --> position : ModifyViews.put --> exception : 'bike_meta']
INFO : [26/Dec/2023 10:34:18 logger 7 11240 12664 package : src.admins.views.modify_views --> position : ModifyViews.put]
ERROR : [26/Dec/2023 10:34:18 logger 10 11240 12664 package : src.admins.views.modify_views --> position : ModifyViews.put --> exception : 'bike_meta']
INFO : [26/Dec/2023 10:34:22 logger 7 11240 12664 package : src.customer.views.get_views --> position : GetBikeViews.get]
INFO : [26/Dec/2023 10:34:54 logger 7 13828 11092 package : src.customer.views.get_views --> position : GetBikeViews.get]
INFO : [26/Dec/2023 10:35:01 logger 7 13828 11092 package : src.admins.views.modify_views --> position : ModifyViews.put]
ERROR : [26/Dec/2023 10:35:01 logger 10 13828 11092 package : src.admins.views.modify_views --> position : ModifyViews.put --> exception : 'bike_meta']
INFO : [26/Dec/2023 10:35:34 logger 7 13828 11092 package : src.admins.views.modify_views --> position : ModifyViews.put]
ERROR : [26/Dec/2023 10:35:34 logger 10 13828 11092 package : src.admins.views.modify_views --> position : ModifyViews.put --> exception : already same image name exists!]
INFO : [26/Dec/2023 10:35:57 logger 7 10508 13172 package : src.admins.views.modify_views --> position : ModifyViews.put]
ERROR : [26/Dec/2023 10:35:57 logger 10 10508 13172 package : src.admins.views.modify_views --> position : ModifyViews.put --> exception : already same image name exists!]
INFO : [26/Dec/2023 10:36:14 logger 7 8888 12664 package : src.admins.views.modify_views --> position : ModifyViews.put]
ERROR : [26/Dec/2023 10:36:14 logger 10 8888 12664 package : src.admins.views.modify_views --> position : ModifyViews.put --> exception : already same image name exists!]
INFO : [26/Dec/2023 10:37:13 logger 7 5248 1972 package : src.admins.views.modify_views --> position : ModifyViews.put]
ERROR : [26/Dec/2023 10:37:13 logger 10 5248 1972 package : src.admins.views.modify_views --> position : ModifyViews.put --> exception : already same image name exists!]
INFO : [26/Dec/2023 10:37:35 logger 7 896 6352 package : src.admins.views.modify_views --> position : ModifyViews.put]
ERROR : [26/Dec/2023 10:37:35 logger 10 896 6352 package : src.admins.views.modify_views --> position : ModifyViews.put --> exception : already same image name exists!]
INFO : [26/Dec/2023 10:38:02 logger 7 1632 10316 package : src.admins.views.modify_views --> position : ModifyViews.put]
ERROR : [26/Dec/2023 10:38:02 logger 10 1632 10316 package : src.admins.views.modify_views --> position : ModifyViews.put --> exception : already same image name exists!]
INFO : [26/Dec/2023 10:38:21 logger 7 6192 8476 package : src.admins.views.modify_views --> position : ModifyViews.put]
ERROR : [26/Dec/2023 10:38:21 logger 10 6192 8476 package : src.admins.views.modify_views --> position : ModifyViews.put --> exception : already same image name exists!]
INFO : [26/Dec/2023 10:38:48 logger 7 9352 8612 package : src.admins.views.modify_views --> position : ModifyViews.put]
ERROR : [26/Dec/2023 10:38:48 logger 10 9352 8612 package : src.admins.views.modify_views --> position : ModifyViews.put --> exception : already same image name exists!]
INFO : [26/Dec/2023 10:39:15 logger 7 11752 5808 package : src.admins.views.modify_views --> position : ModifyViews.put]
ERROR : [26/Dec/2023 10:39:15 logger 10 11752 5808 package : src.admins.views.modify_views --> position : ModifyViews.put --> exception : already same image name exists!]
INFO : [26/Dec/2023 10:40:05 logger 7 11752 5808 package : src.admins.views.modify_views --> position : ModifyViews.put]
ERROR : [26/Dec/2023 10:40:05 logger 10 11752 5808 package : src.admins.views.modify_views --> position : ModifyViews.put --> exception : already same image name exists!]
INFO : [26/Dec/2023 10:40:07 logger 7 11752 5808 package : src.admins.views.modify_views --> position : ModifyViews.put]
ERROR : [26/Dec/2023 10:40:07 logger 10 11752 5808 package : src.admins.views.modify_views --> position : ModifyViews.put --> exception : already same image name exists!]
INFO : [26/Dec/2023 10:41:41 logger 7 13536 11016 package : src.admins.views.modify_views --> position : ModifyViews.put]
ERROR : [26/Dec/2023 10:41:41 logger 10 13536 11016 package : src.admins.views.modify_views --> position : ModifyViews.put --> exception : local variable '_image_path' referenced before assignment]
INFO : [26/Dec/2023 10:42:06 logger 7 4032 9292 package : src.admins.views.modify_views --> position : ModifyViews.put]
ERROR : [26/Dec/2023 10:42:06 logger 10 4032 9292 package : src.admins.views.modify_views --> position : ModifyViews.put --> exception : local variable '_image_path' referenced before assignment]
INFO : [26/Dec/2023 10:43:37 logger 7 3696 8476 package : src.admins.views.modify_views --> position : ModifyViews.put]
INFO : [26/Dec/2023 10:43:47 logger 7 3696 8476 package : src.customer.views.get_views --> position : GetBikeViews.get]
INFO : [26/Dec/2023 10:43:58 logger 7 3696 8476 package : src.admins.views.modify_views --> position : ModifyViews.put]
INFO : [26/Dec/2023 10:44:01 logger 7 3696 8476 package : src.customer.views.get_views --> position : GetBikeViews.get]
INFO : [26/Dec/2023 10:44:16 logger 7 3696 8476 package : src.admins.views.modify_views --> position : ModifyViews.put]
ERROR : [26/Dec/2023 10:44:16 logger 10 3696 8476 package : src.admins.views.modify_views --> position : ModifyViews.put --> exception : 'NoneType' object has no attribute 'save']
INFO : [26/Dec/2023 10:44:25 logger 7 3696 8476 package : src.customer.views.get_views --> position : GetBikeViews.get]
INFO : [26/Dec/2023 10:45:21 logger 7 3884 1660 package : src.admins.views.modify_views --> position : ModifyViews.put]
ERROR : [26/Dec/2023 10:45:21 logger 10 3884 1660 package : src.admins.views.modify_views --> position : ModifyViews.put --> exception : 'NoneType' object has no attribute 'save']
INFO : [26/Dec/2023 10:46:51 logger 7 13052 10016 package : src.admins.views.modify_views --> position : ModifyViews.put]
ERROR : [26/Dec/2023 10:46:51 logger 10 13052 10016 package : src.admins.views.modify_views --> position : ModifyViews.put --> exception : 'NoneType' object has no attribute 'save']
INFO : [26/Dec/2023 10:47:13 logger 7 11372 10124 package : src.admins.views.modify_views --> position : ModifyViews.put]
ERROR : [26/Dec/2023 10:47:14 logger 10 11372 10124 package : src.admins.views.modify_views --> position : ModifyViews.put --> exception : 'NoneType' object has no attribute 'save']
INFO : [26/Dec/2023 10:48:24 logger 7 12168 8180 package : src.admins.views.modify_views --> position : ModifyViews.put]
ERROR : [26/Dec/2023 10:48:24 logger 10 12168 8180 package : src.admins.views.modify_views --> position : ModifyViews.put --> exception : dictionary update sequence element #0 has length 4; 2 is required]
INFO : [26/Dec/2023 10:48:27 logger 7 12168 8180 package : src.admins.views.modify_views --> position : ModifyViews.put]
ERROR : [26/Dec/2023 10:48:27 logger 10 12168 8180 package : src.admins.views.modify_views --> position : ModifyViews.put --> exception : dictionary update sequence element #0 has length 4; 2 is required]
INFO : [26/Dec/2023 10:49:11 logger 7 12708 6124 package : src.admins.views.modify_views --> position : ModifyViews.put]
ERROR : [26/Dec/2023 10:49:11 logger 10 12708 6124 package : src.admins.views.modify_views --> position : ModifyViews.put --> exception : 'NoneType' object has no attribute 'save']
INFO : [26/Dec/2023 10:49:44 logger 7 7720 9860 package : src.admins.views.modify_views --> position : ModifyViews.put]
ERROR : [26/Dec/2023 10:49:44 logger 10 7720 9860 package : src.admins.views.modify_views --> position : ModifyViews.put --> exception : 'Bike' object is not iterable]
INFO : [26/Dec/2023 10:49:53 logger 7 11040 1500 package : src.admins.views.modify_views --> position : ModifyViews.put]
ERROR : [26/Dec/2023 10:49:53 logger 10 11040 1500 package : src.admins.views.modify_views --> position : ModifyViews.put --> exception : 'Bike' object is not iterable]
INFO : [26/Dec/2023 10:52:50 logger 7 6328 7840 package : src.admins.views.modify_views --> position : ModifyViews.put]
ERROR : [26/Dec/2023 10:52:50 logger 10 6328 7840 package : src.admins.views.modify_views --> position : ModifyViews.put --> exception : 'NoneType' object has no attribute 'save']
INFO : [26/Dec/2023 10:53:24 logger 7 4432 6852 package : src.admins.views.modify_views --> position : ModifyViews.put]
ERROR : [26/Dec/2023 10:53:24 logger 10 4432 6852 package : src.admins.views.modify_views --> position : ModifyViews.put --> exception : 'NoneType' object has no attribute 'save']
INFO : [26/Dec/2023 11:00:02 logger 7 11624 9712 package : src.admins.views.modify_views --> position : ModifyViews.put]
ERROR : [26/Dec/2023 11:00:02 logger 10 11624 9712 package : src.admins.views.modify_views --> position : ModifyViews.put --> exception : 'NoneType' object has no attribute 'save']
INFO : [26/Dec/2023 11:02:01 logger 7 13500 13120 package : src.admins.views.modify_views --> position : ModifyViews.put]
ERROR : [26/Dec/2023 11:02:01 logger 10 13500 13120 package : src.admins.views.modify_views --> position : ModifyViews.put --> exception : 'NoneType' object has no attribute 'save']
INFO : [26/Dec/2023 11:02:16 logger 7 7148 11000 package : src.customer.views.get_views --> position : GetBikeViews.get]
INFO : [26/Dec/2023 11:02:19 logger 7 7148 11000 package : src.admins.views.modify_views --> position : ModifyViews.put]
ERROR : [26/Dec/2023 11:02:19 logger 10 7148 11000 package : src.admins.views.modify_views --> position : ModifyViews.put --> exception : 'NoneType' object has no attribute 'save']
INFO : [26/Dec/2023 11:02:51 logger 7 1108 10316 package : src.admins.views.modify_views --> position : ModifyViews.put]
ERROR : [26/Dec/2023 11:02:51 logger 10 1108 10316 package : src.admins.views.modify_views --> position : ModifyViews.put --> exception : 'NoneType' object has no attribute 'save']
INFO : [26/Dec/2023 11:03:19 logger 7 8376 12256 package : src.admins.views.modify_views --> position : ModifyViews.put]
ERROR : [26/Dec/2023 11:03:20 logger 10 8376 12256 package : src.admins.views.modify_views --> position : ModifyViews.put --> exception : 'NoneType' object has no attribute 'save']
INFO : [26/Dec/2023 11:05:31 logger 7 12344 13628 package : src.admins.views.modify_views --> position : ModifyViews.put]
ERROR : [26/Dec/2023 11:05:37 logger 10 12344 13628 package : src.admins.views.modify_views --> position : ModifyViews.put --> exception : 'NoneType' object has no attribute 'save']
INFO : [26/Dec/2023 11:05:48 logger 7 12344 13628 package : src.customer.views.get_views --> position : GetBikeViews.get]
INFO : [26/Dec/2023 11:06:21 logger 7 1080 2372 package : src.customer.views.get_views --> position : GetBikeViews.get]
INFO : [26/Dec/2023 11:06:24 logger 7 1080 2372 package : src.admins.views.modify_views --> position : ModifyViews.put]
INFO : [26/Dec/2023 11:06:31 logger 7 1080 2372 package : src.customer.views.get_views --> position : GetBikeViews.get]
INFO : [26/Dec/2023 11:06:43 logger 7 1080 2372 package : src.admins.views.modify_views --> position : ModifyViews.put]
INFO : [26/Dec/2023 11:06:54 logger 7 13848 11576 package : src.admins.views.modify_views --> position : ModifyViews.put]
INFO : [26/Dec/2023 11:07:11 logger 7 13848 11576 package : src.customer.views.get_views --> position : GetBikeViews.get]
INFO : [26/Dec/2023 11:07:34 logger 7 13848 11576 package : src.admins.views.modify_views --> position : ModifyViews.put]
INFO : [26/Dec/2023 11:08:02 logger 7 11792 10064 package : src.admins.views.modify_views --> position : ModifyViews.put]
INFO : [26/Dec/2023 11:08:09 logger 7 11792 10064 package : src.customer.views.get_views --> position : GetBikeViews.get]
INFO : [26/Dec/2023 11:09:03 logger 7 10560 3092 package : src.admins.views.modify_views --> position : ModifyViews.put]
INFO : [26/Dec/2023 11:09:15 logger 7 10560 3092 package : src.customer.views.get_views --> position : GetBikeViews.get]
INFO : [26/Dec/2023 11:13:32 logger 7 10560 3092 package : src.admins.views.modify_views --> position : ModifyViews.put]
INFO : [26/Dec/2023 11:13:47 logger 7 10560 3092 package : src.customer.views.get_views --> position : GetBikeViews.get]
INFO : [26/Dec/2023 12:12:49 logger 7 2664 6332 package : src.admins.views.uploadimages_views --> position : UploadImagesViews.post]
ERROR : [26/Dec/2023 12:12:49 logger 10 2664 6332 package : src.admins.views.uploadimages_views --> position : UploadImagesViews.post --> exception : Bike matching query does not exist.]
INFO : [26/Dec/2023 12:13:33 logger 7 2664 6332 package : src.admins.views.uploadimages_views --> position : UploadImagesViews.post]
ERROR : [26/Dec/2023 12:13:33 logger 10 2664 6332 package : src.admins.views.uploadimages_views --> position : UploadImagesViews.post --> exception : 'bike_image']
INFO : [26/Dec/2023 12:13:36 logger 7 2664 6332 package : src.admins.views.uploadimages_views --> position : UploadImagesViews.post]
ERROR : [26/Dec/2023 12:13:36 logger 10 2664 6332 package : src.admins.views.uploadimages_views --> position : UploadImagesViews.post --> exception : 'bike_image']
INFO : [26/Dec/2023 12:13:37 logger 7 2664 6332 package : src.admins.views.uploadimages_views --> position : UploadImagesViews.post]
ERROR : [26/Dec/2023 12:13:37 logger 10 2664 6332 package : src.admins.views.uploadimages_views --> position : UploadImagesViews.post --> exception : 'bike_image']
INFO : [26/Dec/2023 12:14:12 logger 7 2664 6332 package : src.admins.views.uploadimages_views --> position : UploadImagesViews.post]
INFO : [26/Dec/2023 12:14:31 logger 7 2664 6332 package : src.admins.views.uploadimages_views --> position : UploadImagesViews.post]
ERROR : [26/Dec/2023 12:14:31 logger 10 2664 6332 package : src.admins.views.uploadimages_views --> position : UploadImagesViews.post --> exception : already same image name exists!]
INFO : [26/Dec/2023 12:15:03 logger 7 2664 6332 package : src.admins.views.uploadimages_views --> position : UploadImagesViews.post]
ERROR : [26/Dec/2023 12:15:03 logger 10 2664 6332 package : src.admins.views.uploadimages_views --> position : UploadImagesViews.post --> exception : already same image name exists!]
INFO : [26/Dec/2023 12:16:34 logger 7 5700 12896 package : src.admins.views.uploadimages_views --> position : UploadImagesViews.post]
ERROR : [26/Dec/2023 12:16:34 logger 10 5700 12896 package : src.admins.views.uploadimages_views --> position : UploadImagesViews.post --> exception : No constructor defined]
INFO : [26/Dec/2023 12:16:45 logger 7 9160 9992 package : src.admins.views.uploadimages_views --> position : UploadImagesViews.post]
ERROR : [26/Dec/2023 12:16:45 logger 10 9160 9992 package : src.admins.views.uploadimages_views --> position : UploadImagesViews.post --> exception : already same image name exists!]
INFO : [26/Dec/2023 12:16:46 logger 7 9160 9992 package : src.admins.views.uploadimages_views --> position : UploadImagesViews.post]
ERROR : [26/Dec/2023 12:16:46 logger 10 9160 9992 package : src.admins.views.uploadimages_views --> position : UploadImagesViews.post --> exception : already same image name exists!]
INFO : [26/Dec/2023 12:17:14 logger 7 5936 3276 package : src.admins.views.uploadimages_views --> position : UploadImagesViews.post]
ERROR : [26/Dec/2023 12:17:14 logger 10 5936 3276 package : src.admins.views.uploadimages_views --> position : UploadImagesViews.post --> exception : already same image name exists!]
INFO : [26/Dec/2023 12:17:46 logger 7 3032 6196 package : src.admins.views.uploadimages_views --> position : UploadImagesViews.post]
ERROR : [26/Dec/2023 12:17:46 logger 10 3032 6196 package : src.admins.views.uploadimages_views --> position : UploadImagesViews.post --> exception : already same image name exists!]
INFO : [26/Dec/2023 12:18:09 logger 7 9252 8492 package : src.admins.views.uploadimages_views --> position : UploadImagesViews.post]
ERROR : [26/Dec/2023 12:18:09 logger 10 9252 8492 package : src.admins.views.uploadimages_views --> position : UploadImagesViews.post --> exception : already same image name exists!]
INFO : [26/Dec/2023 12:18:55 logger 7 9076 12540 package : src.admins.views.uploadimages_views --> position : UploadImagesViews.post]
ERROR : [26/Dec/2023 12:18:55 logger 10 9076 12540 package : src.admins.views.uploadimages_views --> position : UploadImagesViews.post --> exception : already same image name exists!]
INFO : [26/Dec/2023 12:22:03 logger 7 14100 7324 package : src.auths.views.login_views --> position : LoginView.post]
ERROR : [26/Dec/2023 12:22:03 logger 10 14100 7324 package : src.auths.views.login_views --> position : LoginView.post --> exception : user doesn't exists!]
INFO : [26/Dec/2023 12:22:59 logger 7 14100 7324 package : src.auths.views.login_views --> position : LoginView.post]
ERROR : [26/Dec/2023 12:22:59 logger 10 14100 7324 package : src.auths.views.login_views --> position : LoginView.post --> exception : password is wrong!]
INFO : [26/Dec/2023 12:23:08 logger 7 14100 7324 package : src.auths.views.login_views --> position : LoginView.post]
INFO : [26/Dec/2023 12:26:04 logger 7 14100 7324 package : core.utils.decorator.is_admin --> position : isAdmin.<locals>.inner]
ERROR : [26/Dec/2023 12:26:04 logger 10 14100 7324 package : core.utils.decorator.is_admin --> position : isAdmin.<locals>.inner --> exception : 'UploadImagesViews' object has no attribute 'user']
INFO : [26/Dec/2023 12:26:32 logger 7 4132 3116 package : core.utils.decorator.is_admin --> position : isAdmin.<locals>.inner]
ERROR : [26/Dec/2023 12:26:32 logger 10 4132 3116 package : core.utils.decorator.is_admin --> position : isAdmin.<locals>.inner --> exception : 'UploadImagesViews' object has no attribute 'user']
INFO : [26/Dec/2023 12:26:46 logger 7 3952 7924 package : core.utils.decorator.is_admin --> position : isAdmin.<locals>.inner]
ERROR : [26/Dec/2023 12:26:46 logger 10 3952 7924 package : core.utils.decorator.is_admin --> position : isAdmin.<locals>.inner --> exception : 'UploadImagesViews' object has no attribute 'user']
INFO : [26/Dec/2023 12:28:12 logger 7 14164 14108 package : core.utils.decorator.is_admin --> position : isAdmin.<locals>.inner]
ERROR : [26/Dec/2023 12:28:12 logger 10 14164 14108 package : core.utils.decorator.is_admin --> position : isAdmin.<locals>.inner --> exception : 'UploadImagesViews' object has no attribute 'META']
INFO : [26/Dec/2023 12:28:36 logger 7 9792 12100 package : core.utils.decorator.is_admin --> position : isAdmin.<locals>.inner]
ERROR : [26/Dec/2023 12:28:36 logger 10 9792 12100 package : core.utils.decorator.is_admin --> position : isAdmin.<locals>.inner --> exception : tuple indices must be integers or slices, not str]
INFO : [26/Dec/2023 12:28:58 logger 7 9132 5752 package : core.utils.decorator.is_admin --> position : isAdmin.<locals>.inner]
ERROR : [26/Dec/2023 12:28:58 logger 10 9132 5752 package : core.utils.decorator.is_admin --> position : isAdmin.<locals>.inner --> exception : name 'request' is not defined]
INFO : [26/Dec/2023 12:29:19 logger 7 7060 12644 package : core.utils.decorator.is_admin --> position : isAdmin.<locals>.inner]
ERROR : [26/Dec/2023 12:29:19 logger 10 7060 12644 package : core.utils.decorator.is_admin --> position : isAdmin.<locals>.inner --> exception : 'UploadImagesViews' object has no attribute 'META']
INFO : [26/Dec/2023 12:29:28 logger 7 6784 2308 package : core.utils.decorator.is_admin --> position : isAdmin.<locals>.inner]
ERROR : [26/Dec/2023 12:29:28 logger 10 6784 2308 package : core.utils.decorator.is_admin --> position : isAdmin.<locals>.inner --> exception : 'UploadImagesViews' object has no attribute 'data']
INFO : [26/Dec/2023 12:29:51 logger 7 3708 2188 package : src.admins.views.uploadimages_views --> position : UploadImagesViews.post]
ERROR : [26/Dec/2023 12:29:51 logger 10 3708 2188 package : src.admins.views.uploadimages_views --> position : UploadImagesViews.post --> exception : already same image name exists!]
INFO : [26/Dec/2023 12:30:12 logger 7 10504 3116 package : core.utils.decorator.is_admin --> position : isAdmin.<locals>.inner]
ERROR : [26/Dec/2023 12:30:12 logger 10 10504 3116 package : core.utils.decorator.is_admin --> position : isAdmin.<locals>.inner --> exception : name 'request' is not defined]
INFO : [26/Dec/2023 12:30:44 logger 7 6304 1540 package : core.utils.decorator.is_admin --> position : isAdmin.<locals>.inner]
ERROR : [26/Dec/2023 12:30:44 logger 10 6304 1540 package : core.utils.decorator.is_admin --> position : isAdmin.<locals>.inner --> exception : name 'request' is not defined]
INFO : [26/Dec/2023 12:31:04 logger 7 7412 6256 package : core.utils.decorator.is_admin --> position : isAdmin.<locals>.inner]
ERROR : [26/Dec/2023 12:31:04 logger 10 7412 6256 package : core.utils.decorator.is_admin --> position : isAdmin.<locals>.inner --> exception : 'Client' object has no attribute 'user']
INFO : [26/Dec/2023 12:31:15 logger 7 10744 11228 package : core.utils.decorator.is_admin --> position : isAdmin.<locals>.inner]
ERROR : [26/Dec/2023 12:31:15 logger 10 10744 11228 package : core.utils.decorator.is_admin --> position : isAdmin.<locals>.inner --> exception : already same image name exists!]
INFO : [26/Dec/2023 12:31:28 logger 7 10744 11228 package : core.utils.decorator.is_admin --> position : isAdmin.<locals>.inner]
INFO : [26/Dec/2023 12:31:42 logger 7 10744 11228 package : core.utils.decorator.is_admin --> position : isAdmin.<locals>.inner]
ERROR : [26/Dec/2023 12:31:42 logger 10 10744 11228 package : core.utils.decorator.is_admin --> position : isAdmin.<locals>.inner --> exception : already same image name exists!]
