INFO : [28/Dec/2023 11:24:04 logger 7 2492 8724 package : src.customer.views.get_views --> position : GetBikeViews.get]
ERROR : [28/Dec/2023 11:24:04 logger 10 2492 8724 package : src.customer.views.get_views --> position : GetBikeViews.get --> exception : you pass params in wrong way!]
INFO : [28/Dec/2023 11:24:31 logger 7 2492 6984 package : src.customer.views.get_views --> position : GetBikeViews.get]
ERROR : [28/Dec/2023 11:24:32 logger 10 2492 6984 package : src.customer.views.get_views --> position : GetBikeViews.get --> exception : you pass params in wrong way!]
INFO : [28/Dec/2023 11:24:48 logger 7 2492 856 package : src.customer.views.get_views --> position : GetBikeViews.get]
ERROR : [28/Dec/2023 11:24:48 logger 10 2492 856 package : src.customer.views.get_views --> position : GetBikeViews.get --> exception : you pass params in wrong way!]
INFO : [28/Dec/2023 11:27:22 logger 7 2492 7512 package : src.customer.views.get_views --> position : GetBikeViews.get]
ERROR : [28/Dec/2023 11:27:22 logger 10 2492 7512 package : src.customer.views.get_views --> position : GetBikeViews.get --> exception : you pass params in wrong way!]
INFO : [28/Dec/2023 11:27:24 logger 7 2492 12328 package : src.customer.views.get_views --> position : GetBikeViews.get]
ERROR : [28/Dec/2023 11:27:24 logger 10 2492 12328 package : src.customer.views.get_views --> position : GetBikeViews.get --> exception : you pass params in wrong way!]
INFO : [28/Dec/2023 11:27:25 logger 7 2492 12084 package : src.customer.views.get_views --> position : GetBikeViews.get]
ERROR : [28/Dec/2023 11:27:25 logger 10 2492 12084 package : src.customer.views.get_views --> position : GetBikeViews.get --> exception : you pass params in wrong way!]
INFO : [28/Dec/2023 11:27:26 logger 7 2492 11340 package : src.customer.views.get_views --> position : GetBikeViews.get]
ERROR : [28/Dec/2023 11:27:26 logger 10 2492 11340 package : src.customer.views.get_views --> position : GetBikeViews.get --> exception : you pass params in wrong way!]
INFO : [28/Dec/2023 11:27:26 logger 7 2492 12672 package : src.customer.views.get_views --> position : GetBikeViews.get]
ERROR : [28/Dec/2023 11:27:26 logger 10 2492 12672 package : src.customer.views.get_views --> position : GetBikeViews.get --> exception : you pass params in wrong way!]
INFO : [28/Dec/2023 11:27:53 logger 7 2400 11880 package : src.customer.views.get_views --> position : GetBikeViews.get]
INFO : [28/Dec/2023 11:28:02 logger 7 2400 10092 package : src.customer.views.get_views --> position : GetBikeViews.get]
INFO : [28/Dec/2023 11:29:10 logger 7 6576 7060 package : src.customer.views.get_views --> position : GetBikeViews.get]
INFO : [28/Dec/2023 11:29:39 logger 7 7672 5712 package : src.customer.views.get_views --> position : GetBikeViews.get]
INFO : [28/Dec/2023 11:29:59 logger 7 6872 2072 package : src.customer.views.get_views --> position : GetBikeViews.get]
INFO : [28/Dec/2023 11:30:14 logger 7 13340 12452 package : src.customer.views.get_views --> position : GetBikeViews.get]
ERROR : [28/Dec/2023 11:30:14 logger 10 13340 12452 package : src.customer.views.get_views --> position : GetBikeViews.get --> exception : get() missing 2 required positional arguments: 'model_id' and 'model_name']
INFO : [28/Dec/2023 11:30:32 logger 7 6572 13616 package : src.customer.views.get_views --> position : GetBikeViews.get]
INFO : [28/Dec/2023 11:31:14 logger 7 6572 7804 package : src.customer.views.get_views --> position : GetBikeViews.get]
INFO : [28/Dec/2023 11:33:21 logger 7 8672 2564 package : src.customer.views.get_views --> position : GetBikeViews.get]
INFO : [28/Dec/2023 11:33:26 logger 7 8672 3148 package : src.customer.views.get_views --> position : GetBikeViews.get]
INFO : [28/Dec/2023 11:34:24 logger 7 8316 8560 package : src.customer.views.get_views --> position : GetBikeViews.get]
INFO : [28/Dec/2023 11:34:36 logger 7 8316 13176 package : src.customer.views.get_views --> position : GetBikeViews.get]
INFO : [28/Dec/2023 11:34:42 logger 7 8316 3436 package : src.customer.views.get_views --> position : GetBikeViews.get]
INFO : [28/Dec/2023 11:34:48 logger 7 8316 2236 package : src.customer.views.get_views --> position : GetBikeViews.get]
INFO : [28/Dec/2023 11:35:06 logger 7 3968 11548 package : src.customer.views.get_views --> position : GetBikeViews.get]
INFO : [28/Dec/2023 11:35:58 logger 7 10612 5904 package : src.customer.views.get_views --> position : GetBikeViews.get]
INFO : [28/Dec/2023 11:36:05 logger 7 10612 9164 package : src.customer.views.get_views --> position : GetBikeViews.get]
INFO : [28/Dec/2023 11:40:09 logger 7 10216 12248 package : src.customer.views.get_views --> position : GetBikeViews.get]
ERROR : [28/Dec/2023 11:40:09 logger 10 10216 12248 package : src.customer.views.get_views --> position : GetBikeViews.get --> exception : 'str' object does not support item assignment]
INFO : [28/Dec/2023 11:40:31 logger 7 9284 236 package : src.customer.views.get_views --> position : GetBikeViews.get]
ERROR : [28/Dec/2023 11:40:31 logger 10 9284 236 package : src.customer.views.get_views --> position : GetBikeViews.get --> exception : 'str' object does not support item assignment]
INFO : [28/Dec/2023 11:41:00 logger 7 7184 5960 package : src.customer.views.get_views --> position : GetBikeViews.get]
INFO : [28/Dec/2023 11:41:09 logger 7 7184 9200 package : src.customer.views.get_views --> position : GetBikeViews.get]
INFO : [28/Dec/2023 11:41:37 logger 7 11488 2396 package : src.customer.views.get_views --> position : GetBikeViews.get]
INFO : [28/Dec/2023 11:41:40 logger 7 11488 12920 package : src.customer.views.get_views --> position : GetBikeViews.get]
INFO : [28/Dec/2023 11:42:41 logger 7 8832 1220 package : src.customer.views.get_views --> position : GetBikeViews.get]
ERROR : [28/Dec/2023 11:42:41 logger 10 8832 1220 package : src.customer.views.get_views --> position : GetBikeViews.get --> exception : list index out of range]
INFO : [28/Dec/2023 11:43:01 logger 7 1824 1700 package : src.customer.views.get_views --> position : GetBikeViews.get]
ERROR : [28/Dec/2023 11:43:01 logger 10 1824 1700 package : src.customer.views.get_views --> position : GetBikeViews.get --> exception : list index out of range]
INFO : [28/Dec/2023 11:44:15 logger 7 7416 3780 package : src.customer.views.get_views --> position : GetBikeViews.get]
ERROR : [28/Dec/2023 11:44:15 logger 10 7416 3780 package : src.customer.views.get_views --> position : GetBikeViews.get --> exception : local variable 'QUERY_STRING_LIST' referenced before assignment]
INFO : [28/Dec/2023 11:44:29 logger 7 8588 11916 package : src.customer.views.get_views --> position : GetBikeViews.get]
INFO : [28/Dec/2023 11:50:33 logger 7 13848 6952 package : src.customer.views.get_views --> position : GetBikeViews.get]
ERROR : [28/Dec/2023 11:50:33 logger 10 13848 6952 package : src.customer.views.get_views --> position : GetBikeViews.get --> exception : you pass params in wrong way. You must pass either /get-bikes/ or /get-bikes?model_id=<model_id>/ or /get-bikes?model_name=<model_name>/]
INFO : [28/Dec/2023 11:53:33 logger 7 1536 1008 package : src.customer.views.get_views --> position : GetBikeViews.get]
ERROR : [28/Dec/2023 11:53:33 logger 10 1536 1008 package : src.customer.views.get_views --> position : GetBikeViews.get --> exception : you pass params in wrong way. You must pass either /get-bikes/ or /get-bikes?model_id=<model_id>/ or /get-bikes?model_name=<model_name>/]
INFO : [28/Dec/2023 11:53:45 logger 7 1536 12660 package : src.customer.views.get_views --> position : GetBikeViews.get]
INFO : [28/Dec/2023 11:53:53 logger 7 1536 12660 package : src.customer.views.get_views --> position : GetBikeViews.get]
INFO : [28/Dec/2023 11:54:35 logger 7 11828 9596 package : src.customer.views.get_views --> position : GetBikeViews.get]
INFO : [28/Dec/2023 11:54:38 logger 7 11828 12784 package : src.customer.views.get_views --> position : GetBikeViews.get]
INFO : [28/Dec/2023 11:55:00 logger 7 11828 6676 package : src.customer.views.get_views --> position : GetBikeViews.get]
ERROR : [28/Dec/2023 11:55:00 logger 10 11828 6676 package : src.customer.views.get_views --> position : GetBikeViews.get --> exception : wrong model id!]
INFO : [28/Dec/2023 11:55:05 logger 7 11828 2872 package : src.customer.views.get_views --> position : GetBikeViews.get]
ERROR : [28/Dec/2023 11:55:05 logger 10 11828 2872 package : src.customer.views.get_views --> position : GetBikeViews.get --> exception : wrong model id!]
INFO : [28/Dec/2023 11:55:36 logger 7 3816 9652 package : src.customer.views.get_views --> position : GetBikeViews.get]
ERROR : [28/Dec/2023 11:55:36 logger 10 3816 9652 package : src.customer.views.get_views --> position : GetBikeViews.get --> exception : wrong model id!]
INFO : [28/Dec/2023 11:56:11 logger 7 3344 9040 package : src.customer.views.get_views --> position : GetBikeViews.get]
ERROR : [28/Dec/2023 11:56:11 logger 10 3344 9040 package : src.customer.views.get_views --> position : GetBikeViews.get --> exception : wrong model id!]
INFO : [28/Dec/2023 11:56:14 logger 7 3344 3932 package : src.customer.views.get_views --> position : GetBikeViews.get]
ERROR : [28/Dec/2023 11:56:14 logger 10 3344 3932 package : src.customer.views.get_views --> position : GetBikeViews.get --> exception : wrong model id!]
INFO : [28/Dec/2023 11:56:36 logger 7 7276 9872 package : src.customer.views.get_views --> position : GetBikeViews.get]
ERROR : [28/Dec/2023 11:56:36 logger 10 7276 9872 package : src.customer.views.get_views --> position : GetBikeViews.get --> exception : wrong model id!]
INFO : [28/Dec/2023 11:56:37 logger 7 7276 3896 package : src.customer.views.get_views --> position : GetBikeViews.get]
ERROR : [28/Dec/2023 11:56:37 logger 10 7276 3896 package : src.customer.views.get_views --> position : GetBikeViews.get --> exception : wrong model id!]
INFO : [28/Dec/2023 11:56:48 logger 7 7276 12528 package : src.customer.views.get_views --> position : GetBikeViews.get]
ERROR : [28/Dec/2023 11:56:48 logger 10 7276 12528 package : src.customer.views.get_views --> position : GetBikeViews.get --> exception : wrong model id!]
INFO : [28/Dec/2023 11:56:54 logger 7 7276 4456 package : src.customer.views.get_views --> position : GetBikeViews.get]
INFO : [28/Dec/2023 12:00:29 logger 7 12268 5032 package : src.customer.views.get_views --> position : GetBikeViews.get]
ERROR : [28/Dec/2023 12:00:29 logger 10 12268 5032 package : src.customer.views.get_views --> position : GetBikeViews.get --> exception : wrong model id!]
INFO : [28/Dec/2023 12:00:33 logger 7 12268 5032 package : src.customer.views.get_views --> position : GetBikeViews.get]
ERROR : [28/Dec/2023 12:00:33 logger 10 12268 5032 package : src.customer.views.get_views --> position : GetBikeViews.get --> exception : wrong model id!]
INFO : [28/Dec/2023 12:00:47 logger 7 12268 5032 package : src.customer.views.get_views --> position : GetBikeViews.get]
INFO : [28/Dec/2023 12:01:50 logger 7 8968 9592 package : src.customer.views.get_views --> position : GetBikeViews.get]
INFO : [28/Dec/2023 12:01:51 logger 7 8968 4132 package : src.customer.views.get_views --> position : GetBikeViews.get]
INFO : [28/Dec/2023 12:01:52 logger 7 8968 2568 package : src.customer.views.get_views --> position : GetBikeViews.get]
INFO : [28/Dec/2023 12:01:53 logger 7 8968 9016 package : src.customer.views.get_views --> position : GetBikeViews.get]
INFO : [28/Dec/2023 12:01:54 logger 7 8968 8384 package : src.customer.views.get_views --> position : GetBikeViews.get]
INFO : [28/Dec/2023 12:06:13 logger 7 13268 14220 package : src.customer.views.get_views --> position : GetBikeViews.get]
INFO : [28/Dec/2023 12:06:14 logger 7 13268 9984 package : src.customer.views.get_views --> position : GetBikeViews.get]
INFO : [28/Dec/2023 12:06:14 logger 7 13268 4880 package : src.customer.views.get_views --> position : GetBikeViews.get]
INFO : [28/Dec/2023 12:06:15 logger 7 13268 9388 package : src.customer.views.get_views --> position : GetBikeViews.get]
INFO : [28/Dec/2023 12:06:16 logger 7 13268 5464 package : src.customer.views.get_views --> position : GetBikeViews.get]
INFO : [28/Dec/2023 12:06:44 logger 7 13268 5464 package : src.customer.views.get_views --> position : GetBikeViews.get]
INFO : [28/Dec/2023 12:06:54 logger 7 13268 10064 package : src.customer.views.get_views --> position : GetBikeViews.get]
ERROR : [28/Dec/2023 12:06:54 logger 10 13268 10064 package : src.customer.views.get_views --> position : GetBikeViews.get --> exception : wrong model id!]
INFO : [28/Dec/2023 12:06:59 logger 7 13268 6216 package : src.customer.views.get_views --> position : GetBikeViews.get]
ERROR : [28/Dec/2023 12:06:59 logger 10 13268 6216 package : src.customer.views.get_views --> position : GetBikeViews.get --> exception : wrong model id!]
INFO : [28/Dec/2023 12:07:05 logger 7 13268 7924 package : src.customer.views.get_views --> position : GetBikeViews.get]
INFO : [28/Dec/2023 12:07:13 logger 7 13268 8772 package : src.customer.views.get_views --> position : GetBikeViews.get]
INFO : [28/Dec/2023 12:07:25 logger 7 13268 1692 package : src.customer.views.get_views --> position : GetBikeViews.get]
ERROR : [28/Dec/2023 12:07:25 logger 10 13268 1692 package : src.customer.views.get_views --> position : GetBikeViews.get --> exception : you pass params in wrong way. You must pass either /get-bikes/ or /get-bikes?model_id=<model_id>/ or /get-bikes?model_name=<model_name>/]
INFO : [28/Dec/2023 12:07:49 logger 7 13268 6196 package : src.customer.views.get_views --> position : GetBikeViews.get]
ERROR : [28/Dec/2023 12:07:49 logger 10 13268 6196 package : src.customer.views.get_views --> position : GetBikeViews.get --> exception : wrong model name!]
INFO : [28/Dec/2023 12:07:56 logger 7 13268 5616 package : src.customer.views.get_views --> position : GetBikeViews.get]
INFO : [28/Dec/2023 12:08:33 logger 7 13268 1696 package : src.customer.views.get_views --> position : GetBikeViews.get]
ERROR : [28/Dec/2023 12:08:33 logger 10 13268 1696 package : src.customer.views.get_views --> position : GetBikeViews.get --> exception : wrong model name!]
INFO : [28/Dec/2023 12:08:41 logger 7 13268 12244 package : src.customer.views.get_views --> position : GetBikeViews.get]
INFO : [28/Dec/2023 12:08:55 logger 7 13268 8756 package : src.customer.views.get_views --> position : GetBikeViews.get]
INFO : [28/Dec/2023 12:09:13 logger 7 8644 10964 package : src.customer.views.get_views --> position : GetBikeViews.get]
INFO : [28/Dec/2023 12:09:27 logger 7 8644 2568 package : src.customer.views.get_views --> position : GetBikeViews.get]
INFO : [28/Dec/2023 12:09:30 logger 7 8644 2568 package : src.customer.views.get_views --> position : GetBikeViews.get]
INFO : [28/Dec/2023 12:09:51 logger 7 8544 6184 package : src.customer.views.get_views --> position : GetBikeViews.get]
INFO : [28/Dec/2023 12:09:59 logger 7 1112 10564 package : src.customer.views.get_views --> position : GetBikeViews.get]
INFO : [28/Dec/2023 12:10:20 logger 7 9388 3564 package : src.customer.views.get_views --> position : GetBikeViews.get]
INFO : [28/Dec/2023 12:10:25 logger 7 9388 11664 package : src.customer.views.get_views --> position : GetBikeViews.get]
INFO : [28/Dec/2023 12:10:35 logger 7 9388 13116 package : src.customer.views.get_views --> position : GetBikeViews.get]
INFO : [28/Dec/2023 12:10:52 logger 7 9388 3452 package : src.customer.views.get_views --> position : GetBikeViews.get]
INFO : [28/Dec/2023 12:11:04 logger 7 9388 13404 package : src.customer.views.get_views --> position : GetBikeViews.get]
INFO : [28/Dec/2023 12:11:08 logger 7 9388 13416 package : src.customer.views.get_views --> position : GetBikeViews.get]
INFO : [28/Dec/2023 12:12:11 logger 7 2660 6616 package : src.customer.views.get_views --> position : GetBikeViews.get]
