INFO : [24/Dec/2023 11:15:20 logger 7 3468 9892 package : src.admins.views.upload_bike_views --> position : UploadBikeViews.post]
ERROR : [24/Dec/2023 11:15:20 logger 10 3468 9892 package : src.admins.views.upload_bike_views --> position : UploadBikeViews.post --> exception : UploadBikeService() takes no arguments]
INFO : [24/Dec/2023 11:16:13 logger 7 2020 11936 package : src.admins.views.upload_bike_views --> position : UploadBikeViews.post]
ERROR : [24/Dec/2023 11:16:13 logger 10 2020 11936 package : src.admins.views.upload_bike_views --> position : UploadBikeViews.post --> exception : create() missing 1 required positional argument: 'self']
INFO : [24/Dec/2023 11:16:28 logger 7 7888 4900 package : src.admins.views.upload_bike_views --> position : UploadBikeViews.post]
ERROR : [24/Dec/2023 11:16:28 logger 10 7888 4900 package : src.admins.views.upload_bike_views --> position : UploadBikeViews.post --> exception : cannot unpack non-iterable NoneType object]
INFO : [24/Dec/2023 11:17:25 logger 7 8748 9988 package : src.admins.views.upload_bike_views --> position : UploadBikeViews.post]
ERROR : [24/Dec/2023 11:17:26 logger 10 8748 9988 package : src.admins.views.upload_bike_views --> position : UploadBikeViews.post --> exception : cannot unpack non-iterable NoneType object]
INFO : [24/Dec/2023 11:18:11 logger 7 1812 10968 package : src.admins.views.upload_bike_views --> position : UploadBikeViews.post]
ERROR : [24/Dec/2023 11:18:12 logger 10 1812 10968 package : src.admins.views.upload_bike_views --> position : UploadBikeViews.post --> exception : cannot unpack non-iterable NoneType object]
INFO : [24/Dec/2023 11:20:00 logger 7 8364 10024 package : src.admins.views.upload_bike_views --> position : UploadBikeViews.post]
ERROR : [24/Dec/2023 11:20:01 logger 10 8364 10024 package : src.admins.views.upload_bike_views --> position : UploadBikeViews.post --> exception : cannot unpack non-iterable NoneType object]
INFO : [24/Dec/2023 11:22:14 logger 7 1764 2564 package : src.admins.views.upload_bike_views --> position : UploadBikeViews.post]
ERROR : [24/Dec/2023 11:22:14 logger 10 1764 2564 package : src.admins.views.upload_bike_views --> position : UploadBikeViews.post --> exception : cannot unpack non-iterable NoneType object]
INFO : [24/Dec/2023 11:23:26 logger 7 1764 2564 package : src.admins.views.upload_bike_views --> position : UploadBikeViews.post]
ERROR : [24/Dec/2023 11:23:26 logger 10 1764 2564 package : src.admins.views.upload_bike_views --> position : UploadBikeViews.post --> exception : cannot unpack non-iterable NoneType object]
INFO : [24/Dec/2023 11:35:59 logger 7 10468 6944 package : src.admins.views.upload_bike_views --> position : UploadBikeViews.post]
ERROR : [24/Dec/2023 11:36:00 logger 10 10468 6944 package : src.admins.views.upload_bike_views --> position : UploadBikeViews.post --> exception : cannot unpack non-iterable NoneType object]
INFO : [24/Dec/2023 11:38:50 logger 7 7712 12124 package : src.admins.views.upload_bike_views --> position : UploadBikeViews.post]
ERROR : [24/Dec/2023 11:38:50 logger 10 7712 12124 package : src.admins.views.upload_bike_views --> position : UploadBikeViews.post --> exception : cannot unpack non-iterable NoneType object]
INFO : [24/Dec/2023 11:39:35 logger 7 10300 12948 package : src.admins.views.upload_bike_views --> position : UploadBikeViews.post]
ERROR : [24/Dec/2023 11:39:35 logger 10 10300 12948 package : src.admins.views.upload_bike_views --> position : UploadBikeViews.post --> exception : cannot unpack non-iterable NoneType object]
INFO : [24/Dec/2023 11:40:26 logger 7 6352 6948 package : src.admins.views.upload_bike_views --> position : UploadBikeViews.post]
ERROR : [24/Dec/2023 11:40:26 logger 10 6352 6948 package : src.admins.views.upload_bike_views --> position : UploadBikeViews.post --> exception : cannot unpack non-iterable NoneType object]
INFO : [24/Dec/2023 11:41:47 logger 7 12808 12532 package : src.admins.views.upload_bike_views --> position : UploadBikeViews.post]
ERROR : [24/Dec/2023 11:41:47 logger 10 12808 12532 package : src.admins.views.upload_bike_views --> position : UploadBikeViews.post --> exception : cannot unpack non-iterable NoneType object]
INFO : [24/Dec/2023 11:42:18 logger 7 11876 3096 package : src.admins.views.upload_bike_views --> position : UploadBikeViews.post]
ERROR : [24/Dec/2023 11:42:18 logger 10 11876 3096 package : src.admins.views.upload_bike_views --> position : UploadBikeViews.post --> exception : cannot unpack non-iterable NoneType object]
INFO : [24/Dec/2023 11:42:38 logger 7 8592 7220 package : src.admins.views.upload_bike_views --> position : UploadBikeViews.post]
ERROR : [24/Dec/2023 11:42:38 logger 10 8592 7220 package : src.admins.views.upload_bike_views --> position : UploadBikeViews.post --> exception : cannot unpack non-iterable NoneType object]
INFO : [24/Dec/2023 11:43:29 logger 7 9624 2200 package : src.admins.views.upload_bike_views --> position : UploadBikeViews.post]
ERROR : [24/Dec/2023 11:43:30 logger 10 9624 2200 package : src.admins.views.upload_bike_views --> position : UploadBikeViews.post --> exception : cannot unpack non-iterable NoneType object]
INFO : [24/Dec/2023 11:44:27 logger 7 6848 10036 package : src.admins.views.upload_bike_views --> position : UploadBikeViews.post]
ERROR : [24/Dec/2023 11:44:27 logger 10 6848 10036 package : src.admins.views.upload_bike_views --> position : UploadBikeViews.post --> exception : cannot unpack non-iterable NoneType object]
INFO : [24/Dec/2023 11:44:33 logger 7 6848 10036 package : src.admins.views.upload_bike_views --> position : UploadBikeViews.post]
ERROR : [24/Dec/2023 11:44:33 logger 10 6848 10036 package : src.admins.views.upload_bike_views --> position : UploadBikeViews.post --> exception : cannot unpack non-iterable NoneType object]
INFO : [24/Dec/2023 11:44:59 logger 7 3780 11924 package : src.admins.views.upload_bike_views --> position : UploadBikeViews.post]
ERROR : [24/Dec/2023 11:44:59 logger 10 3780 11924 package : src.admins.views.upload_bike_views --> position : UploadBikeViews.post --> exception : cannot unpack non-iterable NoneType object]
INFO : [24/Dec/2023 11:45:29 logger 7 8976 3484 package : src.admins.views.upload_bike_views --> position : UploadBikeViews.post]
ERROR : [24/Dec/2023 11:45:29 logger 10 8976 3484 package : src.admins.views.upload_bike_views --> position : UploadBikeViews.post --> exception : cannot unpack non-iterable NoneType object]
INFO : [24/Dec/2023 11:45:46 logger 7 10676 7160 package : src.admins.views.upload_bike_views --> position : UploadBikeViews.post]
ERROR : [24/Dec/2023 11:45:46 logger 10 10676 7160 package : src.admins.views.upload_bike_views --> position : UploadBikeViews.post --> exception : cannot unpack non-iterable NoneType object]
INFO : [24/Dec/2023 11:46:17 logger 7 10836 7748 package : src.admins.views.upload_bike_views --> position : UploadBikeViews.post]
ERROR : [24/Dec/2023 11:46:17 logger 10 10836 7748 package : src.admins.views.upload_bike_views --> position : UploadBikeViews.post --> exception : cannot unpack non-iterable NoneType object]
INFO : [24/Dec/2023 11:46:35 logger 7 11996 8196 package : src.admins.views.upload_bike_views --> position : UploadBikeViews.post]
INFO : [24/Dec/2023 11:46:37 logger 7 11996 8196 package : src.admins.views.upload_bike_views --> position : UploadBikeViews.post]
INFO : [24/Dec/2023 11:47:01 logger 7 11192 13004 package : src.admins.views.upload_bike_views --> position : UploadBikeViews.post]
INFO : [24/Dec/2023 11:47:35 logger 7 5344 7920 package : src.admins.views.upload_bike_views --> position : UploadBikeViews.post]
INFO : [24/Dec/2023 11:48:01 logger 7 7736 2932 package : src.admins.views.upload_bike_views --> position : UploadBikeViews.post]
INFO : [24/Dec/2023 11:48:32 logger 7 11016 6776 package : src.admins.views.upload_bike_views --> position : UploadBikeViews.post]
INFO : [24/Dec/2023 11:48:54 logger 7 3108 4164 package : src.admins.views.upload_bike_views --> position : UploadBikeViews.post]
ERROR : [24/Dec/2023 11:48:54 logger 10 3108 4164 package : src.admins.views.upload_bike_views --> position : UploadBikeViews.post --> exception : image name already exists!]
INFO : [24/Dec/2023 11:49:36 logger 7 6568 13280 package : src.admins.views.upload_bike_views --> position : UploadBikeViews.post]
ERROR : [24/Dec/2023 11:49:36 logger 10 6568 13280 package : src.admins.views.upload_bike_views --> position : UploadBikeViews.post --> exception : image name already exists!]
INFO : [24/Dec/2023 11:50:46 logger 7 6568 13280 package : src.admins.views.upload_bike_views --> position : UploadBikeViews.post]
ERROR : [24/Dec/2023 11:50:47 logger 10 6568 13280 package : src.admins.views.upload_bike_views --> position : UploadBikeViews.post --> exception : cannot unpack non-iterable NoneType object]
INFO : [24/Dec/2023 11:51:20 logger 7 9500 11876 package : src.admins.views.upload_bike_views --> position : UploadBikeViews.post]
INFO : [24/Dec/2023 11:52:05 logger 7 5224 6956 package : src.admins.views.upload_bike_views --> position : UploadBikeViews.post]
ERROR : [24/Dec/2023 11:52:06 logger 10 5224 6956 package : src.admins.views.upload_bike_views --> position : UploadBikeViews.post --> exception : cannot unpack non-iterable NoneType object]
INFO : [24/Dec/2023 11:53:42 logger 7 12304 11064 package : src.admins.views.upload_bike_views --> position : UploadBikeViews.post]
ERROR : [24/Dec/2023 11:53:42 logger 10 12304 11064 package : src.admins.views.upload_bike_views --> position : UploadBikeViews.post --> exception : cannot unpack non-iterable NoneType object]
INFO : [24/Dec/2023 11:56:12 logger 7 3644 2076 package : src.admins.views.upload_bike_views --> position : UploadBikeViews.post]
ERROR : [24/Dec/2023 11:56:12 logger 10 3644 2076 package : src.admins.views.upload_bike_views --> position : UploadBikeViews.post --> exception : cannot unpack non-iterable NoneType object]
INFO : [24/Dec/2023 11:57:58 logger 7 6956 11444 package : src.admins.views.upload_bike_views --> position : UploadBikeViews.post]
ERROR : [24/Dec/2023 11:57:59 logger 10 6956 11444 package : src.admins.views.upload_bike_views --> position : UploadBikeViews.post --> exception : cannot unpack non-iterable NoneType object]
INFO : [24/Dec/2023 11:59:48 logger 7 4108 11908 package : src.admins.views.upload_bike_views --> position : UploadBikeViews.post]
ERROR : [24/Dec/2023 11:59:49 logger 10 4108 11908 package : src.admins.views.upload_bike_views --> position : UploadBikeViews.post --> exception : cannot unpack non-iterable NoneType object]
INFO : [24/Dec/2023 12:01:45 logger 7 11936 7968 package : src.admins.views.upload_bike_views --> position : UploadBikeViews.post]
ERROR : [24/Dec/2023 12:01:46 logger 10 11936 7968 package : src.admins.views.upload_bike_views --> position : UploadBikeViews.post --> exception : cannot unpack non-iterable NoneType object]
INFO : [24/Dec/2023 12:03:00 logger 7 10584 4400 package : src.admins.views.upload_bike_views --> position : UploadBikeViews.post]
ERROR : [24/Dec/2023 12:03:00 logger 10 10584 4400 package : src.admins.views.upload_bike_views --> position : UploadBikeViews.post --> exception : cannot unpack non-iterable NoneType object]
INFO : [24/Dec/2023 12:03:48 logger 7 1276 4932 package : src.admins.views.upload_bike_views --> position : UploadBikeViews.post]
ERROR : [24/Dec/2023 12:03:48 logger 10 1276 4932 package : src.admins.views.upload_bike_views --> position : UploadBikeViews.post --> exception : NOT NULL constraint failed: admins_bikemeta.bike_id]
INFO : [24/Dec/2023 12:04:13 logger 7 1276 4932 package : src.admins.views.upload_bike_views --> position : UploadBikeViews.post]
ERROR : [24/Dec/2023 12:04:13 logger 10 1276 4932 package : src.admins.views.upload_bike_views --> position : UploadBikeViews.post --> exception : NOT NULL constraint failed: admins_bikemeta.bike_id]
INFO : [24/Dec/2023 12:06:03 logger 7 3468 6592 package : src.admins.views.upload_bike_views --> position : UploadBikeViews.post]
INFO : [24/Dec/2023 12:06:58 logger 7 3164 10756 package : src.admins.views.upload_bike_views --> position : UploadBikeViews.post]
INFO : [24/Dec/2023 12:07:41 logger 7 12172 3428 package : src.admins.views.upload_bike_views --> position : UploadBikeViews.post]
ERROR : [24/Dec/2023 12:07:41 logger 10 12172 3428 package : src.admins.views.upload_bike_views --> position : UploadBikeViews.post --> exception : image name already exists!]
INFO : [24/Dec/2023 12:07:54 logger 7 12172 3428 package : src.admins.views.upload_bike_views --> position : UploadBikeViews.post]
ERROR : [24/Dec/2023 12:07:54 logger 10 12172 3428 package : src.admins.views.upload_bike_views --> position : UploadBikeViews.post --> exception : Got AttributeError when attempting to get a value for field `details` on serializer `BikeMetaSerializer`.
The serializer field might be named incorrectly and not match any attribute or key on the `RelatedManager` instance.
Original exception text was: 'RelatedManager' object has no attribute 'details'.]
INFO : [24/Dec/2023 12:08:13 logger 7 7424 7356 package : src.admins.views.upload_bike_views --> position : UploadBikeViews.post]
INFO : [24/Dec/2023 12:10:15 logger 7 6848 2316 package : src.admins.views.upload_bike_views --> position : UploadBikeViews.post]
ERROR : [24/Dec/2023 12:10:15 logger 10 6848 2316 package : src.admins.views.upload_bike_views --> position : UploadBikeViews.post --> exception : 'bike_model_id']
INFO : [24/Dec/2023 12:11:31 logger 7 8136 8888 package : src.admins.views.upload_bike_views --> position : UploadBikeViews.post]
ERROR : [24/Dec/2023 12:11:31 logger 10 8136 8888 package : src.admins.views.upload_bike_views --> position : UploadBikeViews.post --> exception : 'bike_model_id']
INFO : [24/Dec/2023 12:12:43 logger 7 7232 10608 package : src.admins.views.upload_bike_views --> position : UploadBikeViews.post]
ERROR : [24/Dec/2023 12:12:44 logger 10 7232 10608 package : src.admins.views.upload_bike_views --> position : UploadBikeViews.post --> exception : 'bike_model_id']
INFO : [24/Dec/2023 12:13:21 logger 7 8760 10216 package : src.admins.views.upload_bike_views --> position : UploadBikeViews.post]
ERROR : [24/Dec/2023 12:13:21 logger 10 8760 10216 package : src.admins.views.upload_bike_views --> position : UploadBikeViews.post --> exception : 'bike_model_id']
INFO : [24/Dec/2023 12:14:25 logger 7 13052 12532 package : src.admins.views.upload_bike_views --> position : UploadBikeViews.post]
ERROR : [24/Dec/2023 12:14:25 logger 10 13052 12532 package : src.admins.views.upload_bike_views --> position : UploadBikeViews.post --> exception : 'bike_model_id']
INFO : [24/Dec/2023 12:15:10 logger 7 11964 9724 package : src.admins.views.upload_bike_views --> position : UploadBikeViews.post]
INFO : [24/Dec/2023 12:16:26 logger 7 2888 13120 package : src.admins.views.upload_bike_views --> position : UploadBikeViews.post]
ERROR : [24/Dec/2023 12:16:26 logger 10 2888 13120 package : src.admins.views.upload_bike_views --> position : UploadBikeViews.post --> exception : 'BikeDTO' object has no attribute 'image_name']
INFO : [24/Dec/2023 12:17:00 logger 7 10576 10108 package : src.admins.views.upload_bike_views --> position : UploadBikeViews.post]
ERROR : [24/Dec/2023 12:17:00 logger 10 10576 10108 package : src.admins.views.upload_bike_views --> position : UploadBikeViews.post --> exception : 'bike_model_id']
INFO : [24/Dec/2023 12:18:40 logger 7 11316 6588 package : src.admins.views.upload_bike_views --> position : UploadBikeViews.post]
ERROR : [24/Dec/2023 12:18:40 logger 10 11316 6588 package : src.admins.views.upload_bike_views --> position : UploadBikeViews.post --> exception : 1 validation error for BikeDTO
image_name
  Field required [type=missing, input_value={'bike_model': 'abc', 'br...jhk'}, 'bike_image': []}, input_type=dict]
    For further information visit https://errors.pydantic.dev/2.5/v/missing]
INFO : [24/Dec/2023 12:18:49 logger 7 11316 6588 package : src.admins.views.upload_bike_views --> position : UploadBikeViews.post]
INFO : [24/Dec/2023 12:19:31 logger 7 12864 5744 package : src.admins.views.upload_bike_views --> position : UploadBikeViews.post]
INFO : [24/Dec/2023 12:20:41 logger 7 6788 5740 package : src.admins.views.upload_bike_views --> position : UploadBikeViews.post]
ERROR : [24/Dec/2023 12:20:41 logger 10 6788 5740 package : src.admins.views.upload_bike_views --> position : UploadBikeViews.post --> exception : Got AttributeError when attempting to get a value for field `details` on serializer `BikeMetaSerializer`.
The serializer field might be named incorrectly and not match any attribute or key on the `RelatedManager` instance.
Original exception text was: 'RelatedManager' object has no attribute 'details'.]
INFO : [24/Dec/2023 12:23:58 logger 7 6788 5740 package : src.admins.views.upload_bike_views --> position : UploadBikeViews.post]
ERROR : [24/Dec/2023 12:23:58 logger 10 6788 5740 package : src.admins.views.upload_bike_views --> position : UploadBikeViews.post --> exception : Got AttributeError when attempting to get a value for field `details` on serializer `BikeMetaSerializer`.
The serializer field might be named incorrectly and not match any attribute or key on the `RelatedManager` instance.
Original exception text was: 'RelatedManager' object has no attribute 'details'.]
INFO : [24/Dec/2023 12:24:38 logger 7 12996 1216 package : src.admins.views.upload_bike_views --> position : UploadBikeViews.post]
ERROR : [24/Dec/2023 12:24:38 logger 10 12996 1216 package : src.admins.views.upload_bike_views --> position : UploadBikeViews.post --> exception : Got AttributeError when attempting to get a value for field `details` on serializer `BikeMetaSerializer`.
The serializer field might be named incorrectly and not match any attribute or key on the `RelatedManager` instance.
Original exception text was: 'RelatedManager' object has no attribute 'details'.]
INFO : [24/Dec/2023 12:42:37 logger 7 8568 13004 package : src.admins.views.upload_bike_views --> position : UploadBikeViews.post]
INFO : [24/Dec/2023 12:46:10 logger 7 4608 7276 package : src.admins.views.upload_bike_views --> position : UploadBikeViews.post]
INFO : [24/Dec/2023 12:46:41 logger 7 6936 8068 package : src.admins.views.upload_bike_views --> position : UploadBikeViews.post]
INFO : [24/Dec/2023 12:47:31 logger 7 12248 7160 package : src.admins.views.upload_bike_views --> position : UploadBikeViews.post]
ERROR : [24/Dec/2023 12:47:31 logger 10 12248 7160 package : src.admins.views.upload_bike_views --> position : UploadBikeViews.post --> exception : Got AttributeError when attempting to get a value for field `details` on serializer `BikeMetaSerializer`.
The serializer field might be named incorrectly and not match any attribute or key on the `RelatedManager` instance.
Original exception text was: 'RelatedManager' object has no attribute 'details'.]
INFO : [24/Dec/2023 13:00:29 logger 7 9352 7416 package : src.admins.views.get_bike_views --> position : GetBikeViews.get]
ERROR : [24/Dec/2023 13:00:29 logger 10 9352 7416 package : src.admins.views.get_bike_views --> position : GetBikeViews.get --> exception : cannot unpack non-iterable NoneType object]
INFO : [24/Dec/2023 13:00:57 logger 7 9596 8208 package : src.admins.views.get_bike_views --> position : GetBikeViews.get]
ERROR : [24/Dec/2023 13:00:57 logger 10 9596 8208 package : src.admins.views.get_bike_views --> position : GetBikeViews.get --> exception : cannot unpack non-iterable NoneType object]
INFO : [24/Dec/2023 13:00:58 logger 7 9596 8208 package : src.admins.views.get_bike_views --> position : GetBikeViews.get]
ERROR : [24/Dec/2023 13:00:58 logger 10 9596 8208 package : src.admins.views.get_bike_views --> position : GetBikeViews.get --> exception : cannot unpack non-iterable NoneType object]
INFO : [24/Dec/2023 13:01:02 logger 7 9596 8208 package : src.admins.views.upload_bike_views --> position : UploadBikeViews.post]
INFO : [24/Dec/2023 13:01:14 logger 7 9596 8208 package : src.admins.views.get_bike_views --> position : GetBikeViews.get]
ERROR : [24/Dec/2023 13:01:14 logger 10 9596 8208 package : src.admins.views.get_bike_views --> position : GetBikeViews.get --> exception : Got AttributeError when attempting to get a value for field `details` on serializer `BikeMetaSerializer`.
The serializer field might be named incorrectly and not match any attribute or key on the `RelatedManager` instance.
Original exception text was: 'RelatedManager' object has no attribute 'details'.]
INFO : [24/Dec/2023 13:02:20 logger 7 11708 8836 package : src.admins.views.get_bike_views --> position : GetBikeViews.get]
INFO : [24/Dec/2023 13:02:59 logger 7 2756 11760 package : src.admins.views.get_bike_views --> position : GetBikeViews.get]
ERROR : [24/Dec/2023 13:02:59 logger 10 2756 11760 package : src.admins.views.get_bike_views --> position : GetBikeViews.get --> exception : Got AttributeError when attempting to get a value for field `details` on serializer `BikeMetaSerializer`.
The serializer field might be named incorrectly and not match any attribute or key on the `RelatedManager` instance.
Original exception text was: 'RelatedManager' object has no attribute 'details'.]
INFO : [24/Dec/2023 13:03:24 logger 7 13240 3448 package : src.admins.views.get_bike_views --> position : GetBikeViews.get]
INFO : [24/Dec/2023 13:03:47 logger 7 7992 1212 package : src.admins.views.get_bike_views --> position : GetBikeViews.get]
ERROR : [24/Dec/2023 13:03:47 logger 10 7992 1212 package : src.admins.views.get_bike_views --> position : GetBikeViews.get --> exception : Got AttributeError when attempting to get a value for field `details` on serializer `BikeMetaSerializer`.
The serializer field might be named incorrectly and not match any attribute or key on the `RelatedManager` instance.
Original exception text was: 'RelatedManager' object has no attribute 'details'.]
INFO : [24/Dec/2023 13:03:55 logger 7 11996 132 package : src.admins.views.get_bike_views --> position : GetBikeViews.get]
INFO : [24/Dec/2023 13:06:00 logger 7 8836 9600 package : src.admins.views.get_bike_views --> position : GetBikeViews.get]
INFO : [24/Dec/2023 13:07:35 logger 7 7916 3436 package : src.admins.views.get_bike_views --> position : GetBikeViews.get]
INFO : [24/Dec/2023 13:09:34 logger 7 10024 11872 package : src.admins.views.get_bike_views --> position : GetBikeViews.get]
INFO : [24/Dec/2023 13:10:15 logger 7 7476 12816 package : src.admins.views.get_bike_views --> position : GetBikeViews.get]
ERROR : [24/Dec/2023 13:10:15 logger 10 7476 12816 package : src.admins.views.get_bike_views --> position : GetBikeViews.get --> exception : Got AttributeError when attempting to get a value for field `details` on serializer `BikeMetaSerializer`.
The serializer field might be named incorrectly and not match any attribute or key on the `RelatedManager` instance.
Original exception text was: 'RelatedManager' object has no attribute 'details'.]
INFO : [24/Dec/2023 13:11:15 logger 7 7476 12816 package : src.admins.views.get_bike_views --> position : GetBikeViews.get]
ERROR : [24/Dec/2023 13:11:15 logger 10 7476 12816 package : src.admins.views.get_bike_views --> position : GetBikeViews.get --> exception : Got AttributeError when attempting to get a value for field `details` on serializer `BikeMetaSerializer`.
The serializer field might be named incorrectly and not match any attribute or key on the `RelatedManager` instance.
Original exception text was: 'RelatedManager' object has no attribute 'details'.]
INFO : [24/Dec/2023 13:11:38 logger 7 1044 12556 package : src.admins.views.get_bike_views --> position : GetBikeViews.get]
ERROR : [24/Dec/2023 13:11:38 logger 10 1044 12556 package : src.admins.views.get_bike_views --> position : GetBikeViews.get --> exception : Got AttributeError when attempting to get a value for field `details` on serializer `BikeMetaSerializer`.
The serializer field might be named incorrectly and not match any attribute or key on the `RelatedManager` instance.
Original exception text was: 'RelatedManager' object has no attribute 'details'.]
INFO : [24/Dec/2023 13:11:52 logger 7 10112 4112 package : src.admins.views.get_bike_views --> position : GetBikeViews.get]
ERROR : [24/Dec/2023 13:11:52 logger 10 10112 4112 package : src.admins.views.get_bike_views --> position : GetBikeViews.get --> exception : Got AttributeError when attempting to get a value for field `details` on serializer `BikeMetaSerializer`.
The serializer field might be named incorrectly and not match any attribute or key on the `RelatedManager` instance.
Original exception text was: 'RelatedManager' object has no attribute 'details'.]
INFO : [24/Dec/2023 13:12:13 logger 7 8704 12064 package : src.admins.views.get_bike_views --> position : GetBikeViews.get]
ERROR : [24/Dec/2023 13:12:13 logger 10 8704 12064 package : src.admins.views.get_bike_views --> position : GetBikeViews.get --> exception : Got AttributeError when attempting to get a value for field `details` on serializer `BikeMetaSerializer`.
The serializer field might be named incorrectly and not match any attribute or key on the `RelatedManager` instance.
Original exception text was: 'RelatedManager' object has no attribute 'details'.]
INFO : [24/Dec/2023 18:08:49 logger 7 8544 10308 package : src.admins.views.upload_bike_views --> position : UploadBikeViews.post]
ERROR : [24/Dec/2023 18:08:49 logger 10 8544 10308 package : src.admins.views.upload_bike_views --> position : UploadBikeViews.post --> exception : __createBikeImages() missing 2 required positional arguments: 'images' and 'dto']
INFO : [24/Dec/2023 18:09:39 logger 7 13856 13688 package : src.admins.views.upload_bike_views --> position : UploadBikeViews.post]
INFO : [24/Dec/2023 18:10:09 logger 7 4256 4908 package : src.admins.views.upload_bike_views --> position : UploadBikeViews.post]
INFO : [24/Dec/2023 18:10:51 logger 7 10896 14052 package : src.admins.views.upload_bike_views --> position : UploadBikeViews.post]
ERROR : [24/Dec/2023 18:10:51 logger 10 10896 14052 package : src.admins.views.upload_bike_views --> position : UploadBikeViews.post --> exception : __createBikeImages() missing 2 required positional arguments: 'images' and 'dto']
INFO : [24/Dec/2023 18:12:37 logger 7 6984 4112 package : src.admins.views.upload_bike_views --> position : UploadBikeViews.post]
INFO : [24/Dec/2023 18:17:13 logger 7 7856 11516 package : src.admins.views.upload_bike_views --> position : UploadBikeViews.post]
ERROR : [24/Dec/2023 18:17:13 logger 10 7856 11516 package : src.admins.views.upload_bike_views --> position : UploadBikeViews.post --> exception : image name already exists!]
INFO : [24/Dec/2023 18:17:26 logger 7 7856 11516 package : src.admins.views.upload_bike_views --> position : UploadBikeViews.post]
ERROR : [24/Dec/2023 18:17:27 logger 10 7856 11516 package : src.admins.views.upload_bike_views --> position : UploadBikeViews.post --> exception : __createBikeImages() missing 2 required positional arguments: 'images' and 'dto']
INFO : [24/Dec/2023 18:18:53 logger 7 9952 6156 package : src.admins.views.upload_bike_views --> position : UploadBikeViews.post]
ERROR : [24/Dec/2023 18:18:53 logger 10 9952 6156 package : src.admins.views.upload_bike_views --> position : UploadBikeViews.post --> exception : [WinError 183] Cannot create a file when that file already exists: 'media/abc']
INFO : [24/Dec/2023 18:24:49 logger 7 9952 6156 package : src.admins.views.upload_bike_views --> position : UploadBikeViews.post]
ERROR : [24/Dec/2023 18:24:50 logger 10 9952 6156 package : src.admins.views.upload_bike_views --> position : UploadBikeViews.post --> exception : [WinError 183] Cannot create a file when that file already exists: 'media/abc']
INFO : [24/Dec/2023 18:33:51 logger 7 10404 6384 package : src.admins.views.upload_bike_views --> position : UploadBikeViews.post]
ERROR : [24/Dec/2023 18:33:51 logger 10 10404 6384 package : src.admins.views.upload_bike_views --> position : UploadBikeViews.post --> exception : __createBike() got an unexpected keyword argument 'dto']
INFO : [24/Dec/2023 18:34:10 logger 7 3372 3368 package : src.admins.views.upload_bike_views --> position : UploadBikeViews.post]
ERROR : [24/Dec/2023 18:34:10 logger 10 3372 3368 package : src.admins.views.upload_bike_views --> position : UploadBikeViews.post --> exception : a bytes-like object is required, not 'str']
INFO : [24/Dec/2023 18:35:55 logger 7 3372 3368 package : src.admins.views.upload_bike_views --> position : UploadBikeViews.post]
ERROR : [24/Dec/2023 18:35:56 logger 10 3372 3368 package : src.admins.views.upload_bike_views --> position : UploadBikeViews.post --> exception : a bytes-like object is required, not 'str']
INFO : [24/Dec/2023 18:37:22 logger 7 2116 8740 package : src.admins.views.upload_bike_views --> position : UploadBikeViews.post]
ERROR : [24/Dec/2023 18:37:22 logger 10 2116 8740 package : src.admins.views.upload_bike_views --> position : UploadBikeViews.post --> exception : a bytes-like object is required, not 'str']
INFO : [24/Dec/2023 18:38:01 logger 7 2372 14108 package : src.admins.views.upload_bike_views --> position : UploadBikeViews.post]
ERROR : [24/Dec/2023 18:38:01 logger 10 2372 14108 package : src.admins.views.upload_bike_views --> position : UploadBikeViews.post --> exception : a bytes-like object is required, not 'str']
INFO : [24/Dec/2023 18:39:46 logger 7 5492 3472 package : src.admins.views.upload_bike_views --> position : UploadBikeViews.post]
ERROR : [24/Dec/2023 18:39:46 logger 10 5492 3472 package : src.admins.views.upload_bike_views --> position : UploadBikeViews.post --> exception : a bytes-like object is required, not 'str']
INFO : [24/Dec/2023 18:40:36 logger 7 4316 12660 package : src.admins.views.upload_bike_views --> position : UploadBikeViews.post]
ERROR : [24/Dec/2023 18:40:36 logger 10 4316 12660 package : src.admins.views.upload_bike_views --> position : UploadBikeViews.post --> exception : 'bikeimage_id']
INFO : [24/Dec/2023 18:42:24 logger 7 12584 1380 package : src.admins.views.upload_bike_views --> position : UploadBikeViews.post]
INFO : [24/Dec/2023 18:42:45 logger 7 12584 1380 package : src.admins.views.get_bike_views --> position : GetBikeViews.get]
ERROR : [24/Dec/2023 18:42:45 logger 10 12584 1380 package : src.admins.views.get_bike_views --> position : GetBikeViews.get --> exception : wrong model id!]
INFO : [24/Dec/2023 18:43:02 logger 7 12584 1380 package : src.admins.views.get_bike_views --> position : GetBikeViews.get]
ERROR : [24/Dec/2023 18:43:02 logger 10 12584 1380 package : src.admins.views.get_bike_views --> position : GetBikeViews.get --> exception : BikeMeta matching query does not exist.]
INFO : [24/Dec/2023 18:43:32 logger 7 5168 4492 package : src.admins.views.upload_bike_views --> position : UploadBikeViews.post]
ERROR : [24/Dec/2023 18:43:32 logger 10 5168 4492 package : src.admins.views.upload_bike_views --> position : UploadBikeViews.post --> exception : Got AttributeError when attempting to get a value for field `details` on serializer `BikeMetaSerializer`.
The serializer field might be named incorrectly and not match any attribute or key on the `RelatedManager` instance.
Original exception text was: 'RelatedManager' object has no attribute 'details'.]
INFO : [24/Dec/2023 18:43:52 logger 7 5168 4492 package : src.admins.views.upload_bike_views --> position : UploadBikeViews.post]
ERROR : [24/Dec/2023 18:43:52 logger 10 5168 4492 package : src.admins.views.upload_bike_views --> position : UploadBikeViews.post --> exception : Got AttributeError when attempting to get a value for field `details` on serializer `BikeMetaSerializer`.
The serializer field might be named incorrectly and not match any attribute or key on the `RelatedManager` instance.
Original exception text was: 'RelatedManager' object has no attribute 'details'.]
INFO : [24/Dec/2023 18:44:18 logger 7 11016 9712 package : src.admins.views.upload_bike_views --> position : UploadBikeViews.post]
INFO : [24/Dec/2023 18:44:30 logger 7 11016 9712 package : src.admins.views.get_bike_views --> position : GetBikeViews.get]
ERROR : [24/Dec/2023 18:44:30 logger 10 11016 9712 package : src.admins.views.get_bike_views --> position : GetBikeViews.get --> exception : wrong model id!]
INFO : [24/Dec/2023 18:45:39 logger 7 13424 10088 package : src.admins.views.upload_bike_views --> position : UploadBikeViews.post]
INFO : [24/Dec/2023 18:45:51 logger 7 13424 10088 package : src.admins.views.upload_bike_views --> position : UploadBikeViews.post]
ERROR : [24/Dec/2023 18:45:51 logger 10 13424 10088 package : src.admins.views.upload_bike_views --> position : UploadBikeViews.post --> exception : UNIQUE constraint failed: admins_bike.image_name]
INFO : [24/Dec/2023 18:46:02 logger 7 13424 10088 package : src.admins.views.get_bike_views --> position : GetBikeViews.get]
ERROR : [24/Dec/2023 18:46:02 logger 10 13424 10088 package : src.admins.views.get_bike_views --> position : GetBikeViews.get --> exception : BikeMeta matching query does not exist.]
INFO : [24/Dec/2023 18:46:22 logger 7 11136 5896 package : src.admins.views.get_bike_views --> position : GetBikeViews.get]
INFO : [24/Dec/2023 18:46:47 logger 7 10544 9212 package : src.admins.views.get_bike_views --> position : GetBikeViews.get]
INFO : [24/Dec/2023 18:47:10 logger 7 10544 9212 package : src.admins.views.get_bike_views --> position : GetBikeViews.get]
ERROR : [24/Dec/2023 18:47:10 logger 10 10544 9212 package : src.admins.views.get_bike_views --> position : GetBikeViews.get --> exception : cannot unpack non-iterable NoneType object]
INFO : [24/Dec/2023 18:47:59 logger 7 5276 12684 package : src.admins.views.get_bike_views --> position : GetBikeViews.get]
ERROR : [24/Dec/2023 18:47:59 logger 10 5276 12684 package : src.admins.views.get_bike_views --> position : GetBikeViews.get --> exception : cannot unpack non-iterable NoneType object]
INFO : [24/Dec/2023 18:48:03 logger 7 5276 12684 package : src.admins.views.get_bike_views --> position : GetBikeViews.get]
INFO : [24/Dec/2023 18:48:36 logger 7 7732 11868 package : src.admins.views.get_bike_views --> position : GetBikeViews.get]
INFO : [24/Dec/2023 18:48:41 logger 7 7732 11868 package : src.admins.views.get_bike_views --> position : GetBikeViews.get]
ERROR : [24/Dec/2023 18:48:41 logger 10 7732 11868 package : src.admins.views.get_bike_views --> position : GetBikeViews.get --> exception : cannot unpack non-iterable NoneType object]
INFO : [24/Dec/2023 18:48:56 logger 7 10564 10196 package : src.admins.views.get_bike_views --> position : GetBikeViews.get]
ERROR : [24/Dec/2023 18:48:56 logger 10 10564 10196 package : src.admins.views.get_bike_views --> position : GetBikeViews.get --> exception : cannot unpack non-iterable NoneType object]
INFO : [24/Dec/2023 18:48:57 logger 7 10564 10196 package : src.admins.views.get_bike_views --> position : GetBikeViews.get]
ERROR : [24/Dec/2023 18:48:57 logger 10 10564 10196 package : src.admins.views.get_bike_views --> position : GetBikeViews.get --> exception : cannot unpack non-iterable NoneType object]
INFO : [24/Dec/2023 18:50:18 logger 7 2708 2528 package : src.admins.views.upload_bike_views --> position : UploadBikeViews.post]
ERROR : [24/Dec/2023 18:50:18 logger 10 2708 2528 package : src.admins.views.upload_bike_views --> position : UploadBikeViews.post --> exception : __createBikeImages() missing 1 required positional argument: 'data']
INFO : [24/Dec/2023 18:50:43 logger 7 4416 3364 package : src.admins.views.upload_bike_views --> position : UploadBikeViews.post]
ERROR : [24/Dec/2023 18:50:43 logger 10 4416 3364 package : src.admins.views.upload_bike_views --> position : UploadBikeViews.post --> exception : __createBikeImages() missing 1 required positional argument: 'data']
INFO : [24/Dec/2023 18:51:17 logger 7 13724 800 package : src.admins.views.upload_bike_views --> position : UploadBikeViews.post]
ERROR : [24/Dec/2023 18:51:18 logger 10 13724 800 package : src.admins.views.upload_bike_views --> position : UploadBikeViews.post --> exception : __createBikeImages() missing 1 required positional argument: 'data']
INFO : [24/Dec/2023 18:53:33 logger 7 8200 6688 package : src.admins.views.upload_bike_views --> position : UploadBikeViews.post]
ERROR : [24/Dec/2023 18:53:34 logger 10 8200 6688 package : src.admins.views.upload_bike_views --> position : UploadBikeViews.post --> exception : list indices must be integers or slices, not str]
INFO : [24/Dec/2023 18:58:41 logger 7 11620 432 package : src.admins.views.upload_bike_views --> position : UploadBikeViews.post]
ERROR : [24/Dec/2023 18:58:42 logger 10 11620 432 package : src.admins.views.upload_bike_views --> position : UploadBikeViews.post --> exception : __createBikeImages() missing 1 required positional argument: 'data']
INFO : [24/Dec/2023 19:00:14 logger 7 13512 9100 package : src.admins.views.upload_bike_views --> position : UploadBikeViews.post]
ERROR : [24/Dec/2023 19:00:14 logger 10 13512 9100 package : src.admins.views.upload_bike_views --> position : UploadBikeViews.post --> exception : __createBikeImages() missing 1 required positional argument: 'data']
INFO : [24/Dec/2023 19:00:16 logger 7 13512 9100 package : src.admins.views.upload_bike_views --> position : UploadBikeViews.post]
ERROR : [24/Dec/2023 19:00:16 logger 10 13512 9100 package : src.admins.views.upload_bike_views --> position : UploadBikeViews.post --> exception : __createBikeImages() missing 1 required positional argument: 'data']
INFO : [24/Dec/2023 19:03:15 logger 7 9848 11572 package : src.admins.views.upload_bike_views --> position : UploadBikeViews.post]
ERROR : [24/Dec/2023 19:03:15 logger 10 9848 11572 package : src.admins.views.upload_bike_views --> position : UploadBikeViews.post --> exception : list indices must be integers or slices, not str]
INFO : [24/Dec/2023 19:03:34 logger 7 3152 7236 package : src.admins.views.upload_bike_views --> position : UploadBikeViews.post]
ERROR : [24/Dec/2023 19:03:34 logger 10 3152 7236 package : src.admins.views.upload_bike_views --> position : UploadBikeViews.post --> exception : list indices must be integers or slices, not str]
INFO : [24/Dec/2023 19:03:59 logger 7 2924 10184 package : src.admins.views.upload_bike_views --> position : UploadBikeViews.post]
ERROR : [24/Dec/2023 19:03:59 logger 10 2924 10184 package : src.admins.views.upload_bike_views --> position : UploadBikeViews.post --> exception : list indices must be integers or slices, not str]
INFO : [24/Dec/2023 19:04:23 logger 7 10220 616 package : src.admins.views.upload_bike_views --> position : UploadBikeViews.post]
ERROR : [24/Dec/2023 19:04:23 logger 10 10220 616 package : src.admins.views.upload_bike_views --> position : UploadBikeViews.post --> exception : list indices must be integers or slices, not str]
INFO : [24/Dec/2023 19:08:00 logger 7 5344 13716 package : src.admins.views.upload_bike_views --> position : UploadBikeViews.post]
ERROR : [24/Dec/2023 19:08:00 logger 10 5344 13716 package : src.admins.views.upload_bike_views --> position : UploadBikeViews.post --> exception : list indices must be integers or slices, not str]
INFO : [24/Dec/2023 19:08:22 logger 7 4256 9092 package : src.admins.views.upload_bike_views --> position : UploadBikeViews.post]
ERROR : [24/Dec/2023 19:08:22 logger 10 4256 9092 package : src.admins.views.upload_bike_views --> position : UploadBikeViews.post --> exception : list indices must be integers or slices, not str]
INFO : [24/Dec/2023 19:08:33 logger 7 14248 2732 package : src.admins.views.upload_bike_views --> position : UploadBikeViews.post]
INFO : [24/Dec/2023 19:12:10 logger 7 14248 2732 package : src.admins.views.upload_bike_views --> position : UploadBikeViews.post]
INFO : [24/Dec/2023 19:13:36 logger 7 14248 2732 package : src.admins.views.upload_bike_views --> position : UploadBikeViews.post]
INFO : [24/Dec/2023 19:14:48 logger 7 7368 7084 package : src.admins.views.upload_bike_views --> position : UploadBikeViews.post]
INFO : [24/Dec/2023 19:18:22 logger 7 2932 1536 package : src.admins.views.upload_bike_views --> position : UploadBikeViews.post]
INFO : [24/Dec/2023 19:18:34 logger 7 2932 1536 package : src.admins.views.upload_bike_views --> position : UploadBikeViews.post]
ERROR : [24/Dec/2023 19:18:34 logger 10 2932 1536 package : src.admins.views.upload_bike_views --> position : UploadBikeViews.post --> exception : already same image name exists!]
INFO : [24/Dec/2023 19:29:22 logger 7 7524 1700 package : src.admins.views.upload_bike_views --> position : UploadBikeViews.post]
INFO : [24/Dec/2023 19:29:40 logger 7 7524 1700 package : src.admins.views.get_bike_views --> position : GetBikeViews.get]
ERROR : [24/Dec/2023 19:29:40 logger 10 7524 1700 package : src.admins.views.get_bike_views --> position : GetBikeViews.get --> exception : cannot unpack non-iterable NoneType object]
INFO : [24/Dec/2023 19:30:42 logger 7 11288 5148 package : src.admins.views.upload_bike_views --> position : UploadBikeViews.post]
INFO : [24/Dec/2023 19:31:29 logger 7 8096 7744 package : src.admins.views.upload_bike_views --> position : UploadBikeViews.post]
INFO : [24/Dec/2023 19:35:33 logger 7 13432 8036 package : src.admins.views.upload_bike_views --> position : UploadBikeViews.post]
INFO : [24/Dec/2023 19:37:22 logger 7 11228 10756 package : src.admins.views.upload_bike_views --> position : UploadBikeViews.post]
ERROR : [24/Dec/2023 19:37:23 logger 10 11228 10756 package : src.admins.views.upload_bike_views --> position : UploadBikeViews.post --> exception : __init__() takes from 1 to 6 positional arguments but 7 were given]
INFO : [24/Dec/2023 19:38:32 logger 7 9460 1492 package : src.admins.views.upload_bike_views --> position : UploadBikeViews.post]
INFO : [24/Dec/2023 19:39:07 logger 7 6688 10900 package : src.admins.views.upload_bike_views --> position : UploadBikeViews.post]
INFO : [24/Dec/2023 19:40:59 logger 7 10968 6584 package : src.admins.views.upload_bike_views --> position : UploadBikeViews.post]
INFO : [24/Dec/2023 19:42:54 logger 7 7232 13944 package : src.admins.views.upload_bike_views --> position : UploadBikeViews.post]
INFO : [24/Dec/2023 19:43:06 logger 7 7232 13944 package : src.admins.views.get_bike_views --> position : GetBikeViews.get]
ERROR : [24/Dec/2023 19:43:06 logger 10 7232 13944 package : src.admins.views.get_bike_views --> position : GetBikeViews.get --> exception : cannot unpack non-iterable NoneType object]
INFO : [24/Dec/2023 19:43:20 logger 7 432 14160 package : src.admins.views.get_bike_views --> position : GetBikeViews.get]
ERROR : [24/Dec/2023 19:43:20 logger 10 432 14160 package : src.admins.views.get_bike_views --> position : GetBikeViews.get --> exception : cannot unpack non-iterable NoneType object]
INFO : [24/Dec/2023 19:44:31 logger 7 13968 13504 package : src.admins.views.get_bike_views --> position : GetBikeViews.get]
ERROR : [24/Dec/2023 19:44:31 logger 10 13968 13504 package : src.admins.views.get_bike_views --> position : GetBikeViews.get --> exception : cannot unpack non-iterable NoneType object]
INFO : [24/Dec/2023 19:50:59 logger 7 9220 1220 package : src.admins.views.get_bike_views --> position : GetBikeViews.get]
ERROR : [24/Dec/2023 19:50:59 logger 10 9220 1220 package : src.admins.views.get_bike_views --> position : GetBikeViews.get --> exception : cannot unpack non-iterable NoneType object]
INFO : [24/Dec/2023 19:58:56 logger 7 4888 2764 package : src.admins.views.get_bike_views --> position : GetBikeViews.get]
ERROR : [24/Dec/2023 19:58:56 logger 10 4888 2764 package : src.admins.views.get_bike_views --> position : GetBikeViews.get --> exception : cannot unpack non-iterable NoneType object]
INFO : [24/Dec/2023 19:58:57 logger 7 4888 2764 package : src.admins.views.get_bike_views --> position : GetBikeViews.get]
ERROR : [24/Dec/2023 19:58:57 logger 10 4888 2764 package : src.admins.views.get_bike_views --> position : GetBikeViews.get --> exception : cannot unpack non-iterable NoneType object]
INFO : [24/Dec/2023 20:07:09 logger 7 11924 11016 package : src.admins.views.get_bike_views --> position : GetBikeViews.get]
ERROR : [24/Dec/2023 20:07:09 logger 10 11924 11016 package : src.admins.views.get_bike_views --> position : GetBikeViews.get --> exception : cannot unpack non-iterable NoneType object]
INFO : [24/Dec/2023 20:07:11 logger 7 11924 11016 package : src.admins.views.get_bike_views --> position : GetBikeViews.get]
ERROR : [24/Dec/2023 20:07:11 logger 10 11924 11016 package : src.admins.views.get_bike_views --> position : GetBikeViews.get --> exception : cannot unpack non-iterable NoneType object]
INFO : [24/Dec/2023 20:07:12 logger 7 11924 11016 package : src.admins.views.get_bike_views --> position : GetBikeViews.get]
ERROR : [24/Dec/2023 20:07:12 logger 10 11924 11016 package : src.admins.views.get_bike_views --> position : GetBikeViews.get --> exception : cannot unpack non-iterable NoneType object]
INFO : [24/Dec/2023 20:08:05 logger 7 3396 10960 package : src.admins.views.get_bike_views --> position : GetBikeViews.get]
ERROR : [24/Dec/2023 20:08:05 logger 10 3396 10960 package : src.admins.views.get_bike_views --> position : GetBikeViews.get --> exception : cannot unpack non-iterable NoneType object]
INFO : [24/Dec/2023 20:08:28 logger 7 1852 1948 package : src.admins.views.get_bike_views --> position : GetBikeViews.get]
ERROR : [24/Dec/2023 20:08:28 logger 10 1852 1948 package : src.admins.views.get_bike_views --> position : GetBikeViews.get --> exception : cannot unpack non-iterable NoneType object]
INFO : [24/Dec/2023 20:08:43 logger 7 13344 14112 package : src.admins.views.get_bike_views --> position : GetBikeViews.get]
ERROR : [24/Dec/2023 20:08:43 logger 10 13344 14112 package : src.admins.views.get_bike_views --> position : GetBikeViews.get --> exception : cannot unpack non-iterable NoneType object]
INFO : [24/Dec/2023 20:09:13 logger 7 9800 5672 package : src.admins.views.get_bike_views --> position : GetBikeViews.get]
ERROR : [24/Dec/2023 20:09:13 logger 10 9800 5672 package : src.admins.views.get_bike_views --> position : GetBikeViews.get --> exception : cannot unpack non-iterable NoneType object]
INFO : [24/Dec/2023 20:09:31 logger 7 12560 10700 package : src.admins.views.get_bike_views --> position : GetBikeViews.get]
ERROR : [24/Dec/2023 20:09:31 logger 10 12560 10700 package : src.admins.views.get_bike_views --> position : GetBikeViews.get --> exception : cannot unpack non-iterable NoneType object]
INFO : [24/Dec/2023 20:11:00 logger 7 2536 11140 package : src.admins.views.get_bike_views --> position : GetBikeViews.get]
ERROR : [24/Dec/2023 20:11:00 logger 10 2536 11140 package : src.admins.views.get_bike_views --> position : GetBikeViews.get --> exception : cannot unpack non-iterable NoneType object]
INFO : [24/Dec/2023 20:12:15 logger 7 10568 10220 package : src.admins.views.get_bike_views --> position : GetBikeViews.get]
ERROR : [24/Dec/2023 20:12:15 logger 10 10568 10220 package : src.admins.views.get_bike_views --> position : GetBikeViews.get --> exception : cannot unpack non-iterable NoneType object]
INFO : [24/Dec/2023 20:12:38 logger 7 11876 7268 package : src.admins.views.get_bike_views --> position : GetBikeViews.get]
INFO : [24/Dec/2023 20:13:06 logger 7 10048 3120 package : src.admins.views.get_bike_views --> position : GetBikeViews.get]
INFO : [24/Dec/2023 20:13:12 logger 7 10048 3120 package : src.admins.views.get_bike_views --> position : GetBikeViews.get]
INFO : [24/Dec/2023 20:14:24 logger 7 7108 7680 package : src.admins.views.get_bike_views --> position : GetBikeViews.get]
