INFO : [25/Dec/2023 09:03:49 logger 7 7884 7304 package : src.customer.views.get_views --> position : GetBikeViews.get]
INFO : [25/Dec/2023 09:04:25 logger 7 7884 7304 package : src.customer.views.get_views --> position : GetBikeViews.get]
ERROR : [25/Dec/2023 09:04:25 logger 10 7884 7304 package : src.customer.views.get_views --> position : GetBikeViews.get --> exception : you pass params in wrong way!]
INFO : [25/Dec/2023 09:04:36 logger 7 7884 7304 package : src.customer.views.get_views --> position : GetBikeViews.get]
ERROR : [25/Dec/2023 09:04:36 logger 10 7884 7304 package : src.customer.views.get_views --> position : GetBikeViews.get --> exception : Got AttributeError when attempting to get a value for field `bike_meta` on serializer `BikeSerializer`.
The serializer field might be named incorrectly and not match any attribute or key on the `QuerySet` instance.
Original exception text was: 'QuerySet' object has no attribute 'bike_meta'.]
INFO : [25/Dec/2023 09:04:59 logger 7 10744 3844 package : src.customer.views.get_views --> position : GetBikeViews.get]
ERROR : [25/Dec/2023 09:04:59 logger 10 10744 3844 package : src.customer.views.get_views --> position : GetBikeViews.get --> exception : Cannot resolve keyword 'many' into field. Choices are: bike_image, bike_meta, bike_model, bike_model_id, bike_name, brand_name, image_name, image_path]
INFO : [25/Dec/2023 09:05:32 logger 7 10036 10152 package : src.customer.views.get_views --> position : GetBikeViews.get]
INFO : [25/Dec/2023 09:05:33 logger 7 10036 10152 package : src.customer.views.get_views --> position : GetBikeViews.get]
INFO : [25/Dec/2023 09:05:52 logger 7 13280 3316 package : src.customer.views.get_views --> position : GetBikeViews.get]
INFO : [25/Dec/2023 09:06:18 logger 7 9540 11832 package : src.customer.views.get_views --> position : GetBikeViews.get]
INFO : [25/Dec/2023 09:06:36 logger 7 11500 1336 package : src.customer.views.get_views --> position : GetBikeViews.get]
INFO : [25/Dec/2023 09:07:04 logger 7 10692 6600 package : src.customer.views.get_views --> position : GetBikeViews.get]
INFO : [25/Dec/2023 09:07:21 logger 7 1724 13812 package : src.customer.views.get_views --> position : GetBikeViews.get]
INFO : [25/Dec/2023 09:07:38 logger 7 1724 13812 package : src.customer.views.get_views --> position : GetBikeViews.get]
INFO : [25/Dec/2023 09:07:43 logger 7 1724 13812 package : src.customer.views.get_views --> position : GetBikeViews.get]
ERROR : [25/Dec/2023 09:07:43 logger 10 1724 13812 package : src.customer.views.get_views --> position : GetBikeViews.get --> exception : you pass params in wrong way!]
INFO : [25/Dec/2023 09:38:01 logger 7 7592 6008 package : src.admins.views.upload_views --> position : UploadBikeViews.post]
ERROR : [25/Dec/2023 09:38:01 logger 10 7592 6008 package : src.admins.views.upload_views --> position : UploadBikeViews.post --> exception : a bytes-like object is required, not 'str']
INFO : [25/Dec/2023 09:38:37 logger 7 7396 11660 package : src.admins.views.upload_views --> position : UploadBikeViews.post]
ERROR : [25/Dec/2023 09:38:37 logger 10 7396 11660 package : src.admins.views.upload_views --> position : UploadBikeViews.post --> exception : a bytes-like object is required, not 'str']
INFO : [25/Dec/2023 09:39:07 logger 7 1768 7404 package : src.admins.views.upload_views --> position : UploadBikeViews.post]
ERROR : [25/Dec/2023 09:39:07 logger 10 1768 7404 package : src.admins.views.upload_views --> position : UploadBikeViews.post --> exception : a bytes-like object is required, not 'str']
INFO : [25/Dec/2023 09:39:21 logger 7 6052 10148 package : src.admins.views.upload_views --> position : UploadBikeViews.post]
ERROR : [25/Dec/2023 09:39:21 logger 10 6052 10148 package : src.admins.views.upload_views --> position : UploadBikeViews.post --> exception : a bytes-like object is required, not 'str']
INFO : [25/Dec/2023 09:39:54 logger 7 10836 6208 package : src.admins.views.upload_views --> position : UploadBikeViews.post]
ERROR : [25/Dec/2023 09:39:54 logger 10 10836 6208 package : src.admins.views.upload_views --> position : UploadBikeViews.post --> exception : a bytes-like object is required, not 'str']
INFO : [25/Dec/2023 09:40:41 logger 7 8208 10652 package : src.admins.views.upload_views --> position : UploadBikeViews.post]
ERROR : [25/Dec/2023 09:40:41 logger 10 8208 10652 package : src.admins.views.upload_views --> position : UploadBikeViews.post --> exception : a bytes-like object is required, not 'str']
INFO : [25/Dec/2023 09:40:55 logger 7 8868 11440 package : src.admins.views.upload_views --> position : UploadBikeViews.post]
ERROR : [25/Dec/2023 09:40:55 logger 10 8868 11440 package : src.admins.views.upload_views --> position : UploadBikeViews.post --> exception : a bytes-like object is required, not 'str']
INFO : [25/Dec/2023 09:41:30 logger 7 13804 6988 package : src.admins.views.upload_views --> position : UploadBikeViews.post]
ERROR : [25/Dec/2023 09:41:30 logger 10 13804 6988 package : src.admins.views.upload_views --> position : UploadBikeViews.post --> exception : a bytes-like object is required, not 'str']
INFO : [25/Dec/2023 09:41:48 logger 7 12720 6984 package : src.admins.views.upload_views --> position : UploadBikeViews.post]
ERROR : [25/Dec/2023 09:41:48 logger 10 12720 6984 package : src.admins.views.upload_views --> position : UploadBikeViews.post --> exception : a bytes-like object is required, not 'str']
INFO : [25/Dec/2023 09:41:59 logger 7 7064 10856 package : src.admins.views.upload_views --> position : UploadBikeViews.post]
ERROR : [25/Dec/2023 09:41:59 logger 10 7064 10856 package : src.admins.views.upload_views --> position : UploadBikeViews.post --> exception : a bytes-like object is required, not 'str']
INFO : [25/Dec/2023 09:42:18 logger 7 5784 1836 package : src.admins.views.upload_views --> position : UploadBikeViews.post]
INFO : [25/Dec/2023 20:37:21 logger 7 4504 3552 package : src.customer.views.get_views --> position : GetBikeViews.get]
ERROR : [25/Dec/2023 20:37:21 logger 10 4504 3552 package : src.customer.views.get_views --> position : GetBikeViews.get --> exception : you pass params in wrong way!]
INFO : [25/Dec/2023 20:37:32 logger 7 4504 3552 package : src.customer.views.get_views --> position : GetBikeViews.get]
INFO : [25/Dec/2023 20:43:19 logger 7 8868 6496 package : src.customer.views.get_views --> position : GetBikeViews.get]
INFO : [25/Dec/2023 21:00:20 logger 7 8868 6496 package : src.customer.views.get_views --> position : GetBikeViews.get]
