INFO : [05/Jan/2024 12:21:43 logger 7 12296 3772 package : src.customer.views.get_views --> position : GetBikeViews.get]
INFO : [05/Jan/2024 12:22:36 logger 7 1688 6416 package : src.customer.views.get_views --> position : GetBikeViews.get]
INFO : [05/Jan/2024 12:22:42 logger 7 1688 3848 package : src.customer.views.get_views --> position : GetBikeViews.get]
INFO : [05/Jan/2024 12:44:09 logger 7 14888 14856 package : src.customer.views.get_views --> position : GetBikeViews.get]
INFO : [05/Jan/2024 12:45:40 logger 7 14888 6424 package : src.customer.views.get_views --> position : GetBikeViews.get]
INFO : [05/Jan/2024 12:49:39 logger 7 7432 12100 package : src.customer.views.get_views --> position : GetBikeViews.get]
INFO : [05/Jan/2024 12:50:50 logger 7 7432 12100 package : core.utils.decorator.is_admin --> position : isAdmin.<locals>.inner]
ERROR : [05/Jan/2024 12:50:50 logger 10 7432 12100 package : core.utils.decorator.is_admin --> position : isAdmin.<locals>.inner --> exception : local variable '_bike_instace' referenced before assignment]
INFO : [05/Jan/2024 12:50:53 logger 7 7432 12100 package : src.customer.views.get_views --> position : GetBikeViews.get]
INFO : [05/Jan/2024 12:51:15 logger 7 7432 3064 package : src.customer.views.get_views --> position : GetBikeViews.get]
INFO : [05/Jan/2024 12:51:40 logger 7 7432 12100 package : src.customer.views.get_views --> position : GetBikeViews.get]
INFO : [05/Jan/2024 12:52:10 logger 7 7432 12100 package : src.customer.views.get_views --> position : GetBikeViews.get]
INFO : [05/Jan/2024 12:52:28 logger 7 7432 12100 package : core.utils.decorator.is_admin --> position : isAdmin.<locals>.inner]
ERROR : [05/Jan/2024 12:52:28 logger 10 7432 12100 package : core.utils.decorator.is_admin --> position : isAdmin.<locals>.inner --> exception : 3 validation errors for BikeDTO
bike_model
  String should have at least 1 character [type=string_too_short, input_value='', input_type=str]
    For further information visit https://errors.pydantic.dev/2.5/v/string_too_short
brand_name
  String should have at least 1 character [type=string_too_short, input_value='', input_type=str]
    For further information visit https://errors.pydantic.dev/2.5/v/string_too_short
bike_name
  String should have at least 1 character [type=string_too_short, input_value='', input_type=str]
    For further information visit https://errors.pydantic.dev/2.5/v/string_too_short]
INFO : [05/Jan/2024 12:52:51 logger 7 7432 12100 package : core.utils.decorator.is_admin --> position : isAdmin.<locals>.inner]
ERROR : [05/Jan/2024 12:52:51 logger 10 7432 12100 package : core.utils.decorator.is_admin --> position : isAdmin.<locals>.inner --> exception : local variable '_bike_instace' referenced before assignment]
INFO : [05/Jan/2024 12:54:34 logger 7 7432 5460 package : src.customer.views.get_views --> position : GetBikeViews.get]
INFO : [05/Jan/2024 12:54:35 logger 7 7432 6248 package : src.customer.views.get_views --> position : GetBikeViews.get]
INFO : [05/Jan/2024 12:56:04 logger 7 5752 876 package : src.customer.views.get_views --> position : GetBikeViews.get]
INFO : [05/Jan/2024 12:57:02 logger 7 5752 876 package : core.utils.decorator.is_admin --> position : isAdmin.<locals>.inner]
INFO : [05/Jan/2024 12:57:05 logger 7 5752 876 package : src.customer.views.get_views --> position : GetBikeViews.get]
INFO : [05/Jan/2024 12:57:33 logger 7 5752 2900 package : src.customer.views.get_views --> position : GetBikeViews.get]
INFO : [05/Jan/2024 12:58:10 logger 7 5752 6276 package : src.customer.views.get_views --> position : GetBikeViews.get]
INFO : [05/Jan/2024 12:59:52 logger 7 9820 10204 package : src.customer.views.get_views --> position : GetBikeViews.get]
INFO : [05/Jan/2024 12:59:54 logger 7 9820 10204 package : src.customer.views.get_views --> position : GetBikeViews.get]
INFO : [05/Jan/2024 13:00:57 logger 7 9820 10204 package : core.utils.decorator.is_admin --> position : isAdmin.<locals>.inner]
INFO : [05/Jan/2024 13:00:59 logger 7 9820 10204 package : src.customer.views.get_views --> position : GetBikeViews.get]
INFO : [05/Jan/2024 13:01:04 logger 7 9820 12172 package : src.customer.views.get_views --> position : GetBikeViews.get]
ERROR : [05/Jan/2024 13:01:04 logger 10 9820 12172 package : src.customer.views.get_views --> position : GetBikeViews.get --> exception : wrong model id!]
INFO : [05/Jan/2024 13:01:13 logger 7 9820 11804 package : src.customer.views.get_views --> position : GetBikeViews.get]
