INFO : [04/Jan/2024 10:09:32 logger 7 11776 13568 package : src.auths.views.login_views --> position : LoginView.post]
INFO : [04/Jan/2024 10:09:51 logger 7 11776 13568 package : core.utils.decorator.is_admin --> position : isAdmin.<locals>.inner]
ERROR : [04/Jan/2024 10:09:51 logger 10 11776 13568 package : core.utils.decorator.is_admin --> position : isAdmin.<locals>.inner --> exception : [Errno 13] Permission denied: 'media/abc/']
INFO : [04/Jan/2024 10:10:14 logger 7 13948 1764 package : core.utils.decorator.is_admin --> position : isAdmin.<locals>.inner]
ERROR : [04/Jan/2024 10:10:14 logger 10 13948 1764 package : core.utils.decorator.is_admin --> position : isAdmin.<locals>.inner --> exception : [Errno 13] Permission denied: 'media/abc/']
INFO : [04/Jan/2024 10:10:28 logger 7 6976 12328 package : core.utils.decorator.is_admin --> position : isAdmin.<locals>.inner]
ERROR : [04/Jan/2024 10:10:28 logger 10 6976 12328 package : core.utils.decorator.is_admin --> position : isAdmin.<locals>.inner --> exception : [Errno 13] Permission denied: 'media/abc/']
INFO : [04/Jan/2024 10:12:09 logger 7 10332 5684 package : core.utils.decorator.is_admin --> position : isAdmin.<locals>.inner]
ERROR : [04/Jan/2024 10:12:09 logger 10 10332 5684 package : core.utils.decorator.is_admin --> position : isAdmin.<locals>.inner --> exception : [Errno 13] Permission denied: 'media/abc/']
INFO : [04/Jan/2024 10:12:12 logger 7 10332 5684 package : core.utils.decorator.is_admin --> position : isAdmin.<locals>.inner]
ERROR : [04/Jan/2024 10:12:12 logger 10 10332 5684 package : core.utils.decorator.is_admin --> position : isAdmin.<locals>.inner --> exception : [Errno 13] Permission denied: 'media/abc/']
INFO : [04/Jan/2024 10:12:44 logger 7 13836 11656 package : core.utils.decorator.is_admin --> position : isAdmin.<locals>.inner]
ERROR : [04/Jan/2024 10:12:44 logger 10 13836 11656 package : core.utils.decorator.is_admin --> position : isAdmin.<locals>.inner --> exception : [Errno 13] Permission denied: 'media/abc/']
INFO : [04/Jan/2024 10:13:09 logger 7 11764 2428 package : core.utils.decorator.is_admin --> position : isAdmin.<locals>.inner]
ERROR : [04/Jan/2024 10:13:09 logger 10 11764 2428 package : core.utils.decorator.is_admin --> position : isAdmin.<locals>.inner --> exception : [Errno 13] Permission denied: 'media/abc/']
INFO : [04/Jan/2024 10:14:20 logger 7 6972 2104 package : core.utils.decorator.is_admin --> position : isAdmin.<locals>.inner]
ERROR : [04/Jan/2024 10:14:20 logger 10 6972 2104 package : core.utils.decorator.is_admin --> position : isAdmin.<locals>.inner --> exception : [Errno 13] Permission denied: 'media/abc/']
INFO : [04/Jan/2024 10:15:29 logger 7 13544 6524 package : src.admins.views.upload_views --> position : UploadBikeViews.post]
ERROR : [04/Jan/2024 10:15:29 logger 10 13544 6524 package : src.admins.views.upload_views --> position : UploadBikeViews.post --> exception : [Errno 13] Permission denied: 'media/abc/']
INFO : [04/Jan/2024 10:17:12 logger 7 11192 7240 package : core.utils.decorator.is_admin --> position : isAdmin.<locals>.inner]
ERROR : [04/Jan/2024 10:17:12 logger 10 11192 7240 package : core.utils.decorator.is_admin --> position : isAdmin.<locals>.inner --> exception : [Errno 13] Permission denied: 'media/abc/']
INFO : [04/Jan/2024 10:17:30 logger 7 12720 12932 package : core.utils.decorator.is_admin --> position : isAdmin.<locals>.inner]
ERROR : [04/Jan/2024 10:17:30 logger 10 12720 12932 package : core.utils.decorator.is_admin --> position : isAdmin.<locals>.inner --> exception : [Errno 13] Permission denied: 'media/abc/']
INFO : [04/Jan/2024 10:18:11 logger 7 14124 6516 package : core.utils.decorator.is_admin --> position : isAdmin.<locals>.inner]
ERROR : [04/Jan/2024 10:18:11 logger 10 14124 6516 package : core.utils.decorator.is_admin --> position : isAdmin.<locals>.inner --> exception : [Errno 13] Permission denied: 'media/abc/']
INFO : [04/Jan/2024 10:18:48 logger 7 11068 6176 package : core.utils.decorator.is_admin --> position : isAdmin.<locals>.inner]
ERROR : [04/Jan/2024 10:18:48 logger 10 11068 6176 package : core.utils.decorator.is_admin --> position : isAdmin.<locals>.inner --> exception : [Errno 13] Permission denied: 'media/abc/']
INFO : [04/Jan/2024 10:19:32 logger 7 14084 13980 package : core.utils.decorator.is_admin --> position : isAdmin.<locals>.inner]
ERROR : [04/Jan/2024 10:19:32 logger 10 14084 13980 package : core.utils.decorator.is_admin --> position : isAdmin.<locals>.inner --> exception : [Errno 13] Permission denied: 'media/tree/']
INFO : [04/Jan/2024 10:19:47 logger 7 14084 13980 package : src.customer.views.get_views --> position : GetBikeViews.get]
INFO : [04/Jan/2024 10:20:09 logger 7 2156 3212 package : core.utils.decorator.is_admin --> position : isAdmin.<locals>.inner]
ERROR : [04/Jan/2024 10:20:09 logger 10 2156 3212 package : core.utils.decorator.is_admin --> position : isAdmin.<locals>.inner --> exception : [Errno 13] Permission denied: 'media/tree/']
INFO : [04/Jan/2024 10:20:45 logger 7 11916 10172 package : core.utils.decorator.is_admin --> position : isAdmin.<locals>.inner]
ERROR : [04/Jan/2024 10:20:45 logger 10 11916 10172 package : core.utils.decorator.is_admin --> position : isAdmin.<locals>.inner --> exception : [Errno 13] Permission denied: 'media/tree/']
INFO : [04/Jan/2024 10:20:56 logger 7 11824 14240 package : core.utils.decorator.is_admin --> position : isAdmin.<locals>.inner]
ERROR : [04/Jan/2024 10:20:56 logger 10 11824 14240 package : core.utils.decorator.is_admin --> position : isAdmin.<locals>.inner --> exception : [Errno 13] Permission denied: 'media/tree/']
INFO : [04/Jan/2024 10:21:12 logger 7 6700 8372 package : core.utils.decorator.is_admin --> position : isAdmin.<locals>.inner]
ERROR : [04/Jan/2024 10:21:12 logger 10 6700 8372 package : core.utils.decorator.is_admin --> position : isAdmin.<locals>.inner --> exception : [Errno 13] Permission denied: 'media/tree/']
INFO : [04/Jan/2024 10:21:45 logger 7 3508 13388 package : core.utils.decorator.is_admin --> position : isAdmin.<locals>.inner]
ERROR : [04/Jan/2024 10:21:45 logger 10 3508 13388 package : core.utils.decorator.is_admin --> position : isAdmin.<locals>.inner --> exception : local variable '_image_path' referenced before assignment]
INFO : [04/Jan/2024 10:22:11 logger 7 12332 6908 package : core.utils.decorator.is_admin --> position : isAdmin.<locals>.inner]
ERROR : [04/Jan/2024 10:22:11 logger 10 12332 6908 package : core.utils.decorator.is_admin --> position : isAdmin.<locals>.inner --> exception : local variable '_image_path' referenced before assignment]
INFO : [04/Jan/2024 10:22:19 logger 7 2528 3212 package : core.utils.decorator.is_admin --> position : isAdmin.<locals>.inner]
ERROR : [04/Jan/2024 10:22:19 logger 10 2528 3212 package : core.utils.decorator.is_admin --> position : isAdmin.<locals>.inner --> exception : local variable '_image_path' referenced before assignment]
INFO : [04/Jan/2024 10:22:37 logger 7 12736 7944 package : core.utils.decorator.is_admin --> position : isAdmin.<locals>.inner]
ERROR : [04/Jan/2024 10:22:37 logger 10 12736 7944 package : core.utils.decorator.is_admin --> position : isAdmin.<locals>.inner --> exception : local variable '_image_path' referenced before assignment]
INFO : [04/Jan/2024 10:23:27 logger 7 5436 6700 package : core.utils.decorator.is_admin --> position : isAdmin.<locals>.inner]
INFO : [04/Jan/2024 10:32:00 logger 7 5436 6700 package : src.customer.views.get_views --> position : GetBikeViews.get]
